[main] WARN soot.jimple.infoflow.methodSummary.data.provider.LazySummaryProvider - Lazy loading summaries from a jar/zip file might throw a ClosedChannelException. Use the EagerSummaryProvider instead.
[main] INFO soot.jimple.infoflow.cmd.MainClass - Analyzing app /home/micsispa/Downloads/APKs/com.delhi.metro.dtc.apk (1 of 1)...
[main] INFO soot.jimple.infoflow.android.SetupApplication - Initializing Soot...
[main] INFO soot.jimple.infoflow.android.SetupApplication - Loading dex files...
[main] INFO soot.jimple.infoflow.android.SetupApplication - ARSC file parsing took 0.052814428 seconds
[main] INFO soot.jimple.infoflow.memory.MemoryWarningSystem - Registered a memory warning system for 2,417.4 MiB
[main] INFO soot.jimple.infoflow.android.entryPointCreators.AndroidEntryPointCreator - Creating Android entry point for 22 components...
[main] INFO soot.jimple.infoflow.android.SetupApplication - Constructing the callgraph...
[main] ERROR soot.jimple.spark.solver.PropWorklist - Note that we log, but continue in case of SPARK problems
[main] INFO soot.jimple.infoflow.android.callbacks.DefaultCallbackAnalyzer - Collecting callbacks in DEFAULT mode...
[main] INFO soot.jimple.infoflow.android.callbacks.DefaultCallbackAnalyzer - Callback analysis done.
[main] INFO soot.jimple.infoflow.android.entryPointCreators.AndroidEntryPointCreator - Creating Android entry point for 22 components...
[main] INFO soot.jimple.infoflow.android.SetupApplication - Constructing the callgraph...
[main] ERROR soot.jimple.spark.solver.PropWorklist - Note that we log, but continue in case of SPARK problems
[main] INFO soot.jimple.infoflow.android.callbacks.DefaultCallbackAnalyzer - Running incremental callback analysis for 22 components...
[main] INFO soot.jimple.infoflow.android.callbacks.DefaultCallbackAnalyzer - Incremental callback analysis done.
[main] INFO soot.jimple.infoflow.android.entryPointCreators.AndroidEntryPointCreator - Creating Android entry point for 22 components...
[main] INFO soot.jimple.infoflow.android.SetupApplication - Constructing the callgraph...
[main] ERROR soot.jimple.spark.solver.PropWorklist - Note that we log, but continue in case of SPARK problems
[main] INFO soot.jimple.infoflow.android.callbacks.DefaultCallbackAnalyzer - Running incremental callback analysis for 5 components...
[main] INFO soot.jimple.infoflow.android.callbacks.DefaultCallbackAnalyzer - Incremental callback analysis done.
[main] INFO soot.jimple.infoflow.android.entryPointCreators.AndroidEntryPointCreator - Creating Android entry point for 22 components...
[main] INFO soot.jimple.infoflow.android.SetupApplication - Constructing the callgraph...
[main] ERROR soot.jimple.spark.solver.PropWorklist - Note that we log, but continue in case of SPARK problems
[main] INFO soot.jimple.infoflow.android.callbacks.DefaultCallbackAnalyzer - Running incremental callback analysis for 0 components...
[main] INFO soot.jimple.infoflow.android.callbacks.DefaultCallbackAnalyzer - Incremental callback analysis done.
[main] INFO soot.jimple.infoflow.memory.MemoryWarningSystem - Shutting down the memory warning system...
[main] INFO soot.jimple.infoflow.android.SetupApplication - Callback analysis terminated normally
[main] INFO soot.jimple.infoflow.android.SetupApplication - Entry point calculation done.
[main] WARN soot.jimple.infoflow.android.data.parsers.PermissionMethodParser - Line does not match: <org.springframework.security.config.http.CsrfBeanDefinitionParser: org.springframework.beans.factory.config.BeanDefinition getCsrfLogoutHandler)> -> _SOURCE_
[main] WARN soot.jimple.infoflow.android.data.parsers.PermissionMethodParser - Line does not match: <org.springframework.security.config.http.FormLoginBeanDefinitionParser: java.lang.String getLoginPage)> -> _SOURCE_
[main] WARN soot.jimple.infoflow.android.data.parsers.PermissionMethodParser - Line does not match: <com.google.auth.oauth2.UserCredentials: java.lang.String getClientSecret)> -> _SOURCE_
[main] WARN soot.jimple.infoflow.android.data.parsers.PermissionMethodParser - Line does not match: <org.springframework.web.servlet.tags.UrlTag: java.lang.String createUrl)> -> _SOURCE_
[main] WARN soot.jimple.infoflow.android.data.parsers.PermissionMethodParser - Line does not match: <org.apache.xmlrpc.webserver.RequestData: java.lang.String getMethod)> -> _SOURCE_
[main] WARN soot.jimple.infoflow.android.data.parsers.PermissionMethodParser - Line does not match: <org.dmfs.oauth2.client.http.requests.ResourceOwnerPasswordTokenRequest: org.dmfs.httpclient.HttpRequestEntity requestEntity)> -> _SOURCE_
[main] WARN soot.jimple.infoflow.android.data.parsers.PermissionMethodParser - Line does not match: <org.springframework.security.concurrent.DelegatingSecurityContextExecutorService: java.util.concurrent.ExecutorService getDelegate)> -> _SOURCE_
[main] WARN soot.jimple.infoflow.android.data.parsers.PermissionMethodParser - Line does not match: <org.springframework.security.config.annotation.web.builders.HttpSecurity: org.springframework.security.config.'annotation'.web.configurers.HeadersConfigurer headers)> -> _SOURCE_
[main] WARN soot.jimple.infoflow.android.data.parsers.PermissionMethodParser - Line does not match: <org.springframework.web.servlet.tags.EscapeBodyTag: java.lang.String readBodyContent)> -> _SOURCE_
[main] WARN soot.jimple.infoflow.android.data.parsers.PermissionMethodParser - Line does not match: <org.springframework.security.config.http.FormLoginBeanDefinitionParser: java.lang.String getLoginProcessingUrl)> -> _SOURCE_
[main] WARN soot.jimple.infoflow.android.data.parsers.PermissionMethodParser - Line does not match: <org.springframework.security.config.annotation.web.configurers.LogoutConfigurer: java.util.List getLogoutHandlers)> -> _SOURCE_
[main] WARN soot.jimple.infoflow.android.data.parsers.PermissionMethodParser - Line does not match: <org.apache.xmlrpc.webserver.RequestData: java.lang.String getHttpVersion)> -> _SOURCE_
[main] WARN soot.jimple.infoflow.android.data.parsers.PermissionMethodParser - Line does not match: <org.apache.xmlrpc.webserver.HttpServletRequestImpl: void parseParameters)> -> _SOURCE_
[main] WARN soot.jimple.infoflow.android.data.parsers.PermissionMethodParser - Line does not match:     
[main] INFO soot.jimple.infoflow.android.source.AccessPathBasedSourceSinkManager - Created a SourceSinkManager with 71 sources, 193 sinks, and 111 callback methods.
[main] INFO soot.jimple.infoflow.android.SetupApplication - Collecting callbacks and building a callgraph took 8 seconds
[main] INFO soot.jimple.infoflow.android.SetupApplication - Running data flow analysis on /home/micsispa/Downloads/APKs/com.delhi.metro.dtc.apk with 71 sources and 193 sinks...
[main] INFO soot.jimple.infoflow.InfoflowConfiguration - Implicit flow tracking is NOT enabled
[main] INFO soot.jimple.infoflow.InfoflowConfiguration - Exceptional flow tracking is enabled
[main] INFO soot.jimple.infoflow.InfoflowConfiguration - Running with a maximum access path length of 5
[main] INFO soot.jimple.infoflow.InfoflowConfiguration - Using path-agnostic result collection
[main] INFO soot.jimple.infoflow.InfoflowConfiguration - Recursive access path shortening is enabled
[main] INFO soot.jimple.infoflow.InfoflowConfiguration - Taint analysis enabled: true
[main] INFO soot.jimple.infoflow.InfoflowConfiguration - Using alias algorithm FlowSensitive
[main] INFO soot.jimple.infoflow.memory.MemoryWarningSystem - Registered a memory warning system for 2,417.4 MiB
[main] INFO soot.jimple.infoflow.android.SetupApplication$InPlaceInfoflow - Callgraph construction took 0 seconds
[main] INFO soot.jimple.infoflow.codeOptimization.InterproceduralConstantValuePropagator - Removing side-effect free methods is disabled
[main] INFO soot.jimple.infoflow.android.SetupApplication$InPlaceInfoflow - Dead code elimination took 0.152975641 seconds
[main] INFO soot.jimple.infoflow.android.SetupApplication$InPlaceInfoflow - Callgraph has 3981 edges
[main] INFO soot.jimple.infoflow.android.SetupApplication$InPlaceInfoflow - Starting Taint Analysis
[main] INFO soot.jimple.infoflow.android.SetupApplication$InPlaceInfoflow - Using context- and flow-sensitive solver
[main] INFO soot.jimple.infoflow.android.SetupApplication$InPlaceInfoflow - Using context- and flow-sensitive solver
[main] INFO soot.jimple.infoflow.memory.FlowDroidTimeoutWatcher - FlowDroid timeout watcher started
[main] WARN soot.jimple.infoflow.android.SetupApplication$InPlaceInfoflow - Running with limited join point abstractions can break context-sensitive path builders
[main] INFO soot.jimple.infoflow.android.SetupApplication$InPlaceInfoflow - Looking for sources and sinks...
[main] INFO soot.jimple.infoflow.android.SetupApplication$InPlaceInfoflow - Source lookup done, found 20 sources and 30 sinks.
[main] INFO soot.jimple.infoflow.android.SetupApplication$InPlaceInfoflow - Taint wrapper hits: 11773
[main] INFO soot.jimple.infoflow.android.SetupApplication$InPlaceInfoflow - Taint wrapper misses: 40749
[main] INFO soot.jimple.infoflow.android.SetupApplication$InPlaceInfoflow - IFDS problem with 362053 forward and 141738 backward edges solved in 3 seconds, processing 3 results...
[main] INFO soot.jimple.infoflow.android.SetupApplication$InPlaceInfoflow - Current memory consumption: 227 MB
[main] INFO soot.jimple.infoflow.android.SetupApplication$InPlaceInfoflow - Memory consumption after cleanup: 116 MB
[main] INFO soot.jimple.infoflow.data.pathBuilders.DefaultPathBuilderFactory$ShutdownBatchPathBuilder - Path Reconstruction has used 1.3572E-5 seconds
[main] INFO soot.jimple.infoflow.data.pathBuilders.DefaultPathBuilderFactory$ShutdownBatchPathBuilder - Running path reconstruction batch 1 with 3 elements
[main] INFO soot.jimple.infoflow.data.pathBuilders.DefaultPathBuilderFactory$RepeatableContextSensitivePathBuilder - Obtainted 3 connections between sources and sinks
[main] INFO soot.jimple.infoflow.data.pathBuilders.DefaultPathBuilderFactory$RepeatableContextSensitivePathBuilder - Path Reconstruction has used 8.851E-6 seconds
[main] INFO soot.jimple.infoflow.data.pathBuilders.DefaultPathBuilderFactory$RepeatableContextSensitivePathBuilder - Building path 1...
[main] INFO soot.jimple.infoflow.data.pathBuilders.DefaultPathBuilderFactory$RepeatableContextSensitivePathBuilder - Path Reconstruction has used 0.003580879 seconds
[main] INFO soot.jimple.infoflow.data.pathBuilders.DefaultPathBuilderFactory$RepeatableContextSensitivePathBuilder - Building path 2...
[main] INFO soot.jimple.infoflow.data.pathBuilders.DefaultPathBuilderFactory$RepeatableContextSensitivePathBuilder - Path Reconstruction has used 0.00510244 seconds
[main] INFO soot.jimple.infoflow.data.pathBuilders.DefaultPathBuilderFactory$RepeatableContextSensitivePathBuilder - Building path 3...
[FlowDroid Timeout Watcher] INFO soot.jimple.infoflow.memory.FlowDroidTimeoutWatcher - FlowDroid timeout watcher terminated
[main] INFO soot.jimple.infoflow.data.pathBuilders.DefaultPathBuilderFactory$ShutdownBatchPathBuilder - Single batch has used 1.196441707 seconds
[main] INFO soot.jimple.infoflow.memory.MemoryWarningSystem - Shutting down the memory warning system...
[main] INFO soot.jimple.infoflow.android.SetupApplication$InPlaceInfoflow - Memory consumption after path building: 158 MB
[main] INFO soot.jimple.infoflow.android.SetupApplication$InPlaceInfoflow - Path reconstruction took 1 seconds
[main] INFO soot.jimple.infoflow.android.SetupApplication$InPlaceInfoflow - The sink staticinvoke <android.util.Log: int d(java.lang.String,java.lang.String)>("sandeep", $r8) on line 229 in method <com.delhi.metro.dtc.NearestBus$NeareastBusTask: void onPreExecute()> was called with values from the following sources:
[main] INFO soot.jimple.infoflow.android.SetupApplication$InPlaceInfoflow - - $d0 = virtualinvoke $r6.<android.location.Location: double getLongitude()>() on line 218 in method <com.delhi.metro.dtc.NearestBus$NeareastBusTask: void onPreExecute()>
[main] INFO soot.jimple.infoflow.android.SetupApplication$InPlaceInfoflow - 	on Path: 
[main] INFO soot.jimple.infoflow.android.SetupApplication$InPlaceInfoflow - 	 -> <com.delhi.metro.dtc.NearestBus$NeareastBusTask: void onPreExecute()>
[main] INFO soot.jimple.infoflow.android.SetupApplication$InPlaceInfoflow - 		 -> $d0 = virtualinvoke $r6.<android.location.Location: double getLongitude()>() in line 218
[main] INFO soot.jimple.infoflow.android.SetupApplication$InPlaceInfoflow - 	 -> <com.delhi.metro.dtc.NearestBus$NeareastBusTask: void onPreExecute()>
[main] INFO soot.jimple.infoflow.android.SetupApplication$InPlaceInfoflow - 		 -> $r2.<com.delhi.metro.dtc.NearestBus: double longitude> = $d0 in line 218
[main] INFO soot.jimple.infoflow.android.SetupApplication$InPlaceInfoflow - 	 -> <com.delhi.metro.dtc.NearestBus$NeareastBusTask: void onPreExecute()>
[main] INFO soot.jimple.infoflow.android.SetupApplication$InPlaceInfoflow - 		 -> $r2 = r0.<com.delhi.metro.dtc.NearestBus$NeareastBusTask: com.delhi.metro.dtc.NearestBus this$0> in line 218
[main] INFO soot.jimple.infoflow.android.SetupApplication$InPlaceInfoflow - 	 -> <com.delhi.metro.dtc.NearestBus$NeareastBusTask: void onPreExecute()>
[main] INFO soot.jimple.infoflow.android.SetupApplication$InPlaceInfoflow - 		 -> $r2 = r0.<com.delhi.metro.dtc.NearestBus$NeareastBusTask: com.delhi.metro.dtc.NearestBus this$0> in line 229
[main] INFO soot.jimple.infoflow.android.SetupApplication$InPlaceInfoflow - 	 -> <com.delhi.metro.dtc.NearestBus$NeareastBusTask: void onPreExecute()>
[main] INFO soot.jimple.infoflow.android.SetupApplication$InPlaceInfoflow - 		 -> $d0 = $r2.<com.delhi.metro.dtc.NearestBus: double longitude> in line 229
[main] INFO soot.jimple.infoflow.android.SetupApplication$InPlaceInfoflow - 	 -> <com.delhi.metro.dtc.NearestBus$NeareastBusTask: void onPreExecute()>
[main] INFO soot.jimple.infoflow.android.SetupApplication$InPlaceInfoflow - 		 -> $r7 = virtualinvoke $r7.<java.lang.StringBuilder: java.lang.StringBuilder append(double)>($d0) in line 229
[main] INFO soot.jimple.infoflow.android.SetupApplication$InPlaceInfoflow - 	 -> <com.delhi.metro.dtc.NearestBus$NeareastBusTask: void onPreExecute()>
[main] INFO soot.jimple.infoflow.android.SetupApplication$InPlaceInfoflow - 		 -> $r8 = virtualinvoke $r7.<java.lang.StringBuilder: java.lang.String toString()>() in line 229
[main] INFO soot.jimple.infoflow.android.SetupApplication$InPlaceInfoflow - 	 -> <com.delhi.metro.dtc.NearestBus$NeareastBusTask: void onPreExecute()>
[main] INFO soot.jimple.infoflow.android.SetupApplication$InPlaceInfoflow - 		 -> staticinvoke <android.util.Log: int d(java.lang.String,java.lang.String)>("sandeep", $r8) in line 229
[main] INFO soot.jimple.infoflow.android.SetupApplication$InPlaceInfoflow - - $d0 = virtualinvoke $r6.<android.location.Location: double getLatitude()>() on line 224 in method <com.delhi.metro.dtc.NearestBus$NeareastBusTask: void onPreExecute()>
[main] INFO soot.jimple.infoflow.android.SetupApplication$InPlaceInfoflow - 	on Path: 
[main] INFO soot.jimple.infoflow.android.SetupApplication$InPlaceInfoflow - 	 -> <com.delhi.metro.dtc.NearestBus$NeareastBusTask: void onPreExecute()>
[main] INFO soot.jimple.infoflow.android.SetupApplication$InPlaceInfoflow - 		 -> $d0 = virtualinvoke $r6.<android.location.Location: double getLatitude()>() in line 224
[main] INFO soot.jimple.infoflow.android.SetupApplication$InPlaceInfoflow - 	 -> <com.delhi.metro.dtc.NearestBus$NeareastBusTask: void onPreExecute()>
[main] INFO soot.jimple.infoflow.android.SetupApplication$InPlaceInfoflow - 		 -> $r2.<com.delhi.metro.dtc.NearestBus: double latitude> = $d0 in line 224
[main] INFO soot.jimple.infoflow.android.SetupApplication$InPlaceInfoflow - 	 -> <com.delhi.metro.dtc.NearestBus$NeareastBusTask: void onPreExecute()>
[main] INFO soot.jimple.infoflow.android.SetupApplication$InPlaceInfoflow - 		 -> $r2 = r0.<com.delhi.metro.dtc.NearestBus$NeareastBusTask: com.delhi.metro.dtc.NearestBus this$0> in line 224
[main] INFO soot.jimple.infoflow.android.SetupApplication$InPlaceInfoflow - 	 -> <com.delhi.metro.dtc.NearestBus$NeareastBusTask: void onPreExecute()>
[main] INFO soot.jimple.infoflow.android.SetupApplication$InPlaceInfoflow - 		 -> $r2 = r0.<com.delhi.metro.dtc.NearestBus$NeareastBusTask: com.delhi.metro.dtc.NearestBus this$0> in line 229
[main] INFO soot.jimple.infoflow.android.SetupApplication$InPlaceInfoflow - 	 -> <com.delhi.metro.dtc.NearestBus$NeareastBusTask: void onPreExecute()>
[main] INFO soot.jimple.infoflow.android.SetupApplication$InPlaceInfoflow - 		 -> $d0 = $r2.<com.delhi.metro.dtc.NearestBus: double latitude> in line 229
[main] INFO soot.jimple.infoflow.android.SetupApplication$InPlaceInfoflow - 	 -> <com.delhi.metro.dtc.NearestBus$NeareastBusTask: void onPreExecute()>
[main] INFO soot.jimple.infoflow.android.SetupApplication$InPlaceInfoflow - 		 -> $r7 = virtualinvoke $r7.<java.lang.StringBuilder: java.lang.StringBuilder append(double)>($d0) in line 229
[main] INFO soot.jimple.infoflow.android.SetupApplication$InPlaceInfoflow - 	 -> <com.delhi.metro.dtc.NearestBus$NeareastBusTask: void onPreExecute()>
[main] INFO soot.jimple.infoflow.android.SetupApplication$InPlaceInfoflow - 		 -> $r7 = virtualinvoke $r7.<java.lang.StringBuilder: java.lang.StringBuilder append(java.lang.String)>("Lon is: ") in line 229
[main] INFO soot.jimple.infoflow.android.SetupApplication$InPlaceInfoflow - 	 -> <com.delhi.metro.dtc.NearestBus$NeareastBusTask: void onPreExecute()>
[main] INFO soot.jimple.infoflow.android.SetupApplication$InPlaceInfoflow - 		 -> $r7 = virtualinvoke $r7.<java.lang.StringBuilder: java.lang.StringBuilder append(double)>($d0) in line 229
[main] INFO soot.jimple.infoflow.android.SetupApplication$InPlaceInfoflow - 	 -> <com.delhi.metro.dtc.NearestBus$NeareastBusTask: void onPreExecute()>
[main] INFO soot.jimple.infoflow.android.SetupApplication$InPlaceInfoflow - 		 -> $r8 = virtualinvoke $r7.<java.lang.StringBuilder: java.lang.String toString()>() in line 229
[main] INFO soot.jimple.infoflow.android.SetupApplication$InPlaceInfoflow - 	 -> <com.delhi.metro.dtc.NearestBus$NeareastBusTask: void onPreExecute()>
[main] INFO soot.jimple.infoflow.android.SetupApplication$InPlaceInfoflow - 		 -> staticinvoke <android.util.Log: int d(java.lang.String,java.lang.String)>("sandeep", $r8) in line 229
[main] INFO soot.jimple.infoflow.android.SetupApplication$InPlaceInfoflow - - $d0 = virtualinvoke $r6.<android.location.Location: double getLatitude()>() on line 217 in method <com.delhi.metro.dtc.NearestBus$NeareastBusTask: void onPreExecute()>
[main] INFO soot.jimple.infoflow.android.SetupApplication$InPlaceInfoflow - 	on Path: 
[main] INFO soot.jimple.infoflow.android.SetupApplication$InPlaceInfoflow - 	 -> <com.delhi.metro.dtc.NearestBus$NeareastBusTask: void onPreExecute()>
[main] INFO soot.jimple.infoflow.android.SetupApplication$InPlaceInfoflow - 		 -> $d0 = virtualinvoke $r6.<android.location.Location: double getLatitude()>() in line 217
[main] INFO soot.jimple.infoflow.android.SetupApplication$InPlaceInfoflow - 	 -> <com.delhi.metro.dtc.NearestBus$NeareastBusTask: void onPreExecute()>
[main] INFO soot.jimple.infoflow.android.SetupApplication$InPlaceInfoflow - 		 -> $r2.<com.delhi.metro.dtc.NearestBus: double latitude> = $d0 in line 217
[main] INFO soot.jimple.infoflow.android.SetupApplication$InPlaceInfoflow - 	 -> <com.delhi.metro.dtc.NearestBus$NeareastBusTask: void onPreExecute()>
[main] INFO soot.jimple.infoflow.android.SetupApplication$InPlaceInfoflow - 		 -> $r2 = r0.<com.delhi.metro.dtc.NearestBus$NeareastBusTask: com.delhi.metro.dtc.NearestBus this$0> in line 217
[main] INFO soot.jimple.infoflow.android.SetupApplication$InPlaceInfoflow - 	 -> <com.delhi.metro.dtc.NearestBus$NeareastBusTask: void onPreExecute()>
[main] INFO soot.jimple.infoflow.android.SetupApplication$InPlaceInfoflow - 		 -> $r2 = r0.<com.delhi.metro.dtc.NearestBus$NeareastBusTask: com.delhi.metro.dtc.NearestBus this$0> in line 229
[main] INFO soot.jimple.infoflow.android.SetupApplication$InPlaceInfoflow - 	 -> <com.delhi.metro.dtc.NearestBus$NeareastBusTask: void onPreExecute()>
[main] INFO soot.jimple.infoflow.android.SetupApplication$InPlaceInfoflow - 		 -> $d0 = $r2.<com.delhi.metro.dtc.NearestBus: double latitude> in line 229
[main] INFO soot.jimple.infoflow.android.SetupApplication$InPlaceInfoflow - 	 -> <com.delhi.metro.dtc.NearestBus$NeareastBusTask: void onPreExecute()>
[main] INFO soot.jimple.infoflow.android.SetupApplication$InPlaceInfoflow - 		 -> $r7 = virtualinvoke $r7.<java.lang.StringBuilder: java.lang.StringBuilder append(double)>($d0) in line 229
[main] INFO soot.jimple.infoflow.android.SetupApplication$InPlaceInfoflow - 	 -> <com.delhi.metro.dtc.NearestBus$NeareastBusTask: void onPreExecute()>
[main] INFO soot.jimple.infoflow.android.SetupApplication$InPlaceInfoflow - 		 -> $r7 = virtualinvoke $r7.<java.lang.StringBuilder: java.lang.StringBuilder append(java.lang.String)>("Lon is: ") in line 229
[main] INFO soot.jimple.infoflow.android.SetupApplication$InPlaceInfoflow - 	 -> <com.delhi.metro.dtc.NearestBus$NeareastBusTask: void onPreExecute()>
[main] INFO soot.jimple.infoflow.android.SetupApplication$InPlaceInfoflow - 		 -> $r7 = virtualinvoke $r7.<java.lang.StringBuilder: java.lang.StringBuilder append(double)>($d0) in line 229
[main] INFO soot.jimple.infoflow.android.SetupApplication$InPlaceInfoflow - 	 -> <com.delhi.metro.dtc.NearestBus$NeareastBusTask: void onPreExecute()>
[main] INFO soot.jimple.infoflow.android.SetupApplication$InPlaceInfoflow - 		 -> $r8 = virtualinvoke $r7.<java.lang.StringBuilder: java.lang.String toString()>() in line 229
[main] INFO soot.jimple.infoflow.android.SetupApplication$InPlaceInfoflow - 	 -> <com.delhi.metro.dtc.NearestBus$NeareastBusTask: void onPreExecute()>
[main] INFO soot.jimple.infoflow.android.SetupApplication$InPlaceInfoflow - 		 -> staticinvoke <android.util.Log: int d(java.lang.String,java.lang.String)>("sandeep", $r8) in line 229
[main] INFO soot.jimple.infoflow.android.SetupApplication$InPlaceInfoflow - - $d0 = virtualinvoke $r6.<android.location.Location: double getLongitude()>() on line 225 in method <com.delhi.metro.dtc.NearestBus$NeareastBusTask: void onPreExecute()>
[main] INFO soot.jimple.infoflow.android.SetupApplication$InPlaceInfoflow - 	on Path: 
[main] INFO soot.jimple.infoflow.android.SetupApplication$InPlaceInfoflow - 	 -> <com.delhi.metro.dtc.NearestBus$NeareastBusTask: void onPreExecute()>
[main] INFO soot.jimple.infoflow.android.SetupApplication$InPlaceInfoflow - 		 -> $d0 = virtualinvoke $r6.<android.location.Location: double getLongitude()>() in line 225
[main] INFO soot.jimple.infoflow.android.SetupApplication$InPlaceInfoflow - 	 -> <com.delhi.metro.dtc.NearestBus$NeareastBusTask: void onPreExecute()>
[main] INFO soot.jimple.infoflow.android.SetupApplication$InPlaceInfoflow - 		 -> $r2.<com.delhi.metro.dtc.NearestBus: double longitude> = $d0 in line 225
[main] INFO soot.jimple.infoflow.android.SetupApplication$InPlaceInfoflow - 	 -> <com.delhi.metro.dtc.NearestBus$NeareastBusTask: void onPreExecute()>
[main] INFO soot.jimple.infoflow.android.SetupApplication$InPlaceInfoflow - 		 -> $r2 = r0.<com.delhi.metro.dtc.NearestBus$NeareastBusTask: com.delhi.metro.dtc.NearestBus this$0> in line 218
[main] INFO soot.jimple.infoflow.android.SetupApplication$InPlaceInfoflow - 	 -> <com.delhi.metro.dtc.NearestBus$NeareastBusTask: void onPreExecute()>
[main] INFO soot.jimple.infoflow.android.SetupApplication$InPlaceInfoflow - 		 -> $r2 = r0.<com.delhi.metro.dtc.NearestBus$NeareastBusTask: com.delhi.metro.dtc.NearestBus this$0> in line 229
[main] INFO soot.jimple.infoflow.android.SetupApplication$InPlaceInfoflow - 	 -> <com.delhi.metro.dtc.NearestBus$NeareastBusTask: void onPreExecute()>
[main] INFO soot.jimple.infoflow.android.SetupApplication$InPlaceInfoflow - 		 -> $d0 = $r2.<com.delhi.metro.dtc.NearestBus: double longitude> in line 229
[main] INFO soot.jimple.infoflow.android.SetupApplication$InPlaceInfoflow - 	 -> <com.delhi.metro.dtc.NearestBus$NeareastBusTask: void onPreExecute()>
[main] INFO soot.jimple.infoflow.android.SetupApplication$InPlaceInfoflow - 		 -> $r7 = virtualinvoke $r7.<java.lang.StringBuilder: java.lang.StringBuilder append(double)>($d0) in line 229
[main] INFO soot.jimple.infoflow.android.SetupApplication$InPlaceInfoflow - 	 -> <com.delhi.metro.dtc.NearestBus$NeareastBusTask: void onPreExecute()>
[main] INFO soot.jimple.infoflow.android.SetupApplication$InPlaceInfoflow - 		 -> $r8 = virtualinvoke $r7.<java.lang.StringBuilder: java.lang.String toString()>() in line 229
[main] INFO soot.jimple.infoflow.android.SetupApplication$InPlaceInfoflow - 	 -> <com.delhi.metro.dtc.NearestBus$NeareastBusTask: void onPreExecute()>
[main] INFO soot.jimple.infoflow.android.SetupApplication$InPlaceInfoflow - 		 -> staticinvoke <android.util.Log: int d(java.lang.String,java.lang.String)>("sandeep", $r8) in line 229
[main] INFO soot.jimple.infoflow.android.SetupApplication$InPlaceInfoflow - - $d0 = virtualinvoke $r1.<android.location.Location: double getLatitude()>() on line 437 in method <com.delhi.metro.dtc.NearestBus: void onLocationChanged(android.location.Location)>
[main] INFO soot.jimple.infoflow.android.SetupApplication$InPlaceInfoflow - 	on Path: 
[main] INFO soot.jimple.infoflow.android.SetupApplication$InPlaceInfoflow - 	 -> <com.delhi.metro.dtc.NearestBus: void onLocationChanged(android.location.Location)>
[main] INFO soot.jimple.infoflow.android.SetupApplication$InPlaceInfoflow - 		 -> $d0 = virtualinvoke $r1.<android.location.Location: double getLatitude()>() in line 437
[main] INFO soot.jimple.infoflow.android.SetupApplication$InPlaceInfoflow - 	 -> <com.delhi.metro.dtc.NearestBus: void onLocationChanged(android.location.Location)>
[main] INFO soot.jimple.infoflow.android.SetupApplication$InPlaceInfoflow - 		 -> r0.<com.delhi.metro.dtc.NearestBus: double latitude> = $d0 in line 437
[main] INFO soot.jimple.infoflow.android.SetupApplication$InPlaceInfoflow - 	 -> <com.delhi.metro.dtc.NearestBus: void onLocationChanged(android.location.Location)>
[main] INFO soot.jimple.infoflow.android.SetupApplication$InPlaceInfoflow - 		 -> return in line 440
[main] INFO soot.jimple.infoflow.android.SetupApplication$InPlaceInfoflow - 	 -> <dummyMainClass: com.delhi.metro.dtc.NearestBus dummyMainMethod_com_delhi_metro_dtc_NearestBus(android.content.Intent)>
[main] INFO soot.jimple.infoflow.android.SetupApplication$InPlaceInfoflow - 		 -> virtualinvoke $r0.<com.delhi.metro.dtc.NearestBus: void onTabSelected(android.app.ActionBar$Tab,android.app.FragmentTransaction)>(null, null)
[main] INFO soot.jimple.infoflow.android.SetupApplication$InPlaceInfoflow - 	 -> <com.delhi.metro.dtc.NearestBus: void onTabSelected(android.app.ActionBar$Tab,android.app.FragmentTransaction)>
[main] INFO soot.jimple.infoflow.android.SetupApplication$InPlaceInfoflow - 		 -> specialinvoke $r5.<com.delhi.metro.dtc.NearestBus$NeareastBusTask: void <init>(com.delhi.metro.dtc.NearestBus)>(r0) in line 466
[main] INFO soot.jimple.infoflow.android.SetupApplication$InPlaceInfoflow - 	 -> <com.delhi.metro.dtc.NearestBus$NeareastBusTask: void <init>(com.delhi.metro.dtc.NearestBus)>
[main] INFO soot.jimple.infoflow.android.SetupApplication$InPlaceInfoflow - 		 -> r0.<com.delhi.metro.dtc.NearestBus$NeareastBusTask: com.delhi.metro.dtc.NearestBus this$0> = $r1 in line 193
[main] INFO soot.jimple.infoflow.android.SetupApplication$InPlaceInfoflow - 	 -> <com.delhi.metro.dtc.NearestBus$NeareastBusTask: void <init>(com.delhi.metro.dtc.NearestBus)>
[main] INFO soot.jimple.infoflow.android.SetupApplication$InPlaceInfoflow - 		 -> return in line 196
[main] INFO soot.jimple.infoflow.android.SetupApplication$InPlaceInfoflow - 	 -> <com.delhi.metro.dtc.NearestBus: void onTabSelected(android.app.ActionBar$Tab,android.app.FragmentTransaction)>
[main] INFO soot.jimple.infoflow.android.SetupApplication$InPlaceInfoflow - 		 -> virtualinvoke $r5.<com.delhi.metro.dtc.NearestBus$NeareastBusTask: android.os.AsyncTask execute(java.lang.Object[])>($r3) in line 467
[main] INFO soot.jimple.infoflow.android.SetupApplication$InPlaceInfoflow - 	 -> <com.delhi.metro.dtc.NearestBus$NeareastBusTask: void onPreExecute()>
[main] INFO soot.jimple.infoflow.android.SetupApplication$InPlaceInfoflow - 		 -> $r2 = r0.<com.delhi.metro.dtc.NearestBus$NeareastBusTask: com.delhi.metro.dtc.NearestBus this$0> in line 229
[main] INFO soot.jimple.infoflow.android.SetupApplication$InPlaceInfoflow - 	 -> <com.delhi.metro.dtc.NearestBus$NeareastBusTask: void onPreExecute()>
[main] INFO soot.jimple.infoflow.android.SetupApplication$InPlaceInfoflow - 		 -> $d0 = $r2.<com.delhi.metro.dtc.NearestBus: double latitude> in line 229
[main] INFO soot.jimple.infoflow.android.SetupApplication$InPlaceInfoflow - 	 -> <com.delhi.metro.dtc.NearestBus$NeareastBusTask: void onPreExecute()>
[main] INFO soot.jimple.infoflow.android.SetupApplication$InPlaceInfoflow - 		 -> $r7 = virtualinvoke $r7.<java.lang.StringBuilder: java.lang.StringBuilder append(double)>($d0) in line 229
[main] INFO soot.jimple.infoflow.android.SetupApplication$InPlaceInfoflow - 	 -> <com.delhi.metro.dtc.NearestBus$NeareastBusTask: void onPreExecute()>
[main] INFO soot.jimple.infoflow.android.SetupApplication$InPlaceInfoflow - 		 -> $r7 = virtualinvoke $r7.<java.lang.StringBuilder: java.lang.StringBuilder append(java.lang.String)>("Lon is: ") in line 229
[main] INFO soot.jimple.infoflow.android.SetupApplication$InPlaceInfoflow - 	 -> <com.delhi.metro.dtc.NearestBus$NeareastBusTask: void onPreExecute()>
[main] INFO soot.jimple.infoflow.android.SetupApplication$InPlaceInfoflow - 		 -> $r7 = virtualinvoke $r7.<java.lang.StringBuilder: java.lang.StringBuilder append(double)>($d0) in line 229
[main] INFO soot.jimple.infoflow.android.SetupApplication$InPlaceInfoflow - 	 -> <com.delhi.metro.dtc.NearestBus$NeareastBusTask: void onPreExecute()>
[main] INFO soot.jimple.infoflow.android.SetupApplication$InPlaceInfoflow - 		 -> $r8 = virtualinvoke $r7.<java.lang.StringBuilder: java.lang.String toString()>() in line 229
[main] INFO soot.jimple.infoflow.android.SetupApplication$InPlaceInfoflow - 	 -> <com.delhi.metro.dtc.NearestBus$NeareastBusTask: void onPreExecute()>
[main] INFO soot.jimple.infoflow.android.SetupApplication$InPlaceInfoflow - 		 -> staticinvoke <android.util.Log: int d(java.lang.String,java.lang.String)>("sandeep", $r8) in line 229
[main] INFO soot.jimple.infoflow.android.SetupApplication$InPlaceInfoflow - - $d0 = virtualinvoke $r1.<android.location.Location: double getLongitude()>() on line 438 in method <com.delhi.metro.dtc.NearestBus: void onLocationChanged(android.location.Location)>
[main] INFO soot.jimple.infoflow.android.SetupApplication$InPlaceInfoflow - 	on Path: 
[main] INFO soot.jimple.infoflow.android.SetupApplication$InPlaceInfoflow - 	 -> <com.delhi.metro.dtc.NearestBus: void onLocationChanged(android.location.Location)>
[main] INFO soot.jimple.infoflow.android.SetupApplication$InPlaceInfoflow - 		 -> $d0 = virtualinvoke $r1.<android.location.Location: double getLongitude()>() in line 438
[main] INFO soot.jimple.infoflow.android.SetupApplication$InPlaceInfoflow - 	 -> <com.delhi.metro.dtc.NearestBus: void onLocationChanged(android.location.Location)>
[main] INFO soot.jimple.infoflow.android.SetupApplication$InPlaceInfoflow - 		 -> r0.<com.delhi.metro.dtc.NearestBus: double longitude> = $d0 in line 438
[main] INFO soot.jimple.infoflow.android.SetupApplication$InPlaceInfoflow - 	 -> <com.delhi.metro.dtc.NearestBus: void onLocationChanged(android.location.Location)>
[main] INFO soot.jimple.infoflow.android.SetupApplication$InPlaceInfoflow - 		 -> return in line 440
[main] INFO soot.jimple.infoflow.android.SetupApplication$InPlaceInfoflow - 	 -> <dummyMainClass: com.delhi.metro.dtc.NearestBus dummyMainMethod_com_delhi_metro_dtc_NearestBus(android.content.Intent)>
[main] INFO soot.jimple.infoflow.android.SetupApplication$InPlaceInfoflow - 		 -> virtualinvoke $r0.<com.delhi.metro.dtc.NearestBus: void onTabSelected(android.app.ActionBar$Tab,android.app.FragmentTransaction)>(null, null)
[main] INFO soot.jimple.infoflow.android.SetupApplication$InPlaceInfoflow - 	 -> <com.delhi.metro.dtc.NearestBus: void onTabSelected(android.app.ActionBar$Tab,android.app.FragmentTransaction)>
[main] INFO soot.jimple.infoflow.android.SetupApplication$InPlaceInfoflow - 		 -> specialinvoke $r5.<com.delhi.metro.dtc.NearestBus$NeareastBusTask: void <init>(com.delhi.metro.dtc.NearestBus)>(r0) in line 473
[main] INFO soot.jimple.infoflow.android.SetupApplication$InPlaceInfoflow - 	 -> <com.delhi.metro.dtc.NearestBus$NeareastBusTask: void <init>(com.delhi.metro.dtc.NearestBus)>
[main] INFO soot.jimple.infoflow.android.SetupApplication$InPlaceInfoflow - 		 -> r0.<com.delhi.metro.dtc.NearestBus$NeareastBusTask: com.delhi.metro.dtc.NearestBus this$0> = $r1 in line 193
[main] INFO soot.jimple.infoflow.android.SetupApplication$InPlaceInfoflow - 	 -> <com.delhi.metro.dtc.NearestBus$NeareastBusTask: void <init>(com.delhi.metro.dtc.NearestBus)>
[main] INFO soot.jimple.infoflow.android.SetupApplication$InPlaceInfoflow - 		 -> return in line 196
[main] INFO soot.jimple.infoflow.android.SetupApplication$InPlaceInfoflow - 	 -> <com.delhi.metro.dtc.NearestBus: void onTabSelected(android.app.ActionBar$Tab,android.app.FragmentTransaction)>
[main] INFO soot.jimple.infoflow.android.SetupApplication$InPlaceInfoflow - 		 -> virtualinvoke $r5.<com.delhi.metro.dtc.NearestBus$NeareastBusTask: android.os.AsyncTask execute(java.lang.Object[])>($r3) in line 474
[main] INFO soot.jimple.infoflow.android.SetupApplication$InPlaceInfoflow - 	 -> <com.delhi.metro.dtc.NearestBus$NeareastBusTask: void onPreExecute()>
[main] INFO soot.jimple.infoflow.android.SetupApplication$InPlaceInfoflow - 		 -> $r2 = r0.<com.delhi.metro.dtc.NearestBus$NeareastBusTask: com.delhi.metro.dtc.NearestBus this$0> in line 229
[main] INFO soot.jimple.infoflow.android.SetupApplication$InPlaceInfoflow - 	 -> <com.delhi.metro.dtc.NearestBus$NeareastBusTask: void onPreExecute()>
[main] INFO soot.jimple.infoflow.android.SetupApplication$InPlaceInfoflow - 		 -> $d0 = $r2.<com.delhi.metro.dtc.NearestBus: double longitude> in line 229
[main] INFO soot.jimple.infoflow.android.SetupApplication$InPlaceInfoflow - 	 -> <com.delhi.metro.dtc.NearestBus$NeareastBusTask: void onPreExecute()>
[main] INFO soot.jimple.infoflow.android.SetupApplication$InPlaceInfoflow - 		 -> $r7 = virtualinvoke $r7.<java.lang.StringBuilder: java.lang.StringBuilder append(double)>($d0) in line 229
[main] INFO soot.jimple.infoflow.android.SetupApplication$InPlaceInfoflow - 	 -> <com.delhi.metro.dtc.NearestBus$NeareastBusTask: void onPreExecute()>
[main] INFO soot.jimple.infoflow.android.SetupApplication$InPlaceInfoflow - 		 -> $r8 = virtualinvoke $r7.<java.lang.StringBuilder: java.lang.String toString()>() in line 229
[main] INFO soot.jimple.infoflow.android.SetupApplication$InPlaceInfoflow - 	 -> <com.delhi.metro.dtc.NearestBus$NeareastBusTask: void onPreExecute()>
[main] INFO soot.jimple.infoflow.android.SetupApplication$InPlaceInfoflow - 		 -> staticinvoke <android.util.Log: int d(java.lang.String,java.lang.String)>("sandeep", $r8) in line 229
[main] INFO soot.jimple.infoflow.android.SetupApplication$InPlaceInfoflow - The sink staticinvoke <android.util.Log: int d(java.lang.String,java.lang.String)>("sandeep", $r7) on line 1041 in method <com.delhi.metro.dtc.FareDoor: java.lang.String getFareAll(int,int)> was called with values from the following sources:
[main] INFO soot.jimple.infoflow.android.SetupApplication$InPlaceInfoflow - - $r8 = interfaceinvoke $r6.<android.database.Cursor: java.lang.String getString(int)>($i0) on line 1027 in method <com.delhi.metro.dtc.FareDoor: java.lang.String getFareAll(int,int)>
[main] INFO soot.jimple.infoflow.android.SetupApplication$InPlaceInfoflow - 	on Path: 
[main] INFO soot.jimple.infoflow.android.SetupApplication$InPlaceInfoflow - 	 -> <com.delhi.metro.dtc.FareDoor: java.lang.String getFareAll(int,int)>
[main] INFO soot.jimple.infoflow.android.SetupApplication$InPlaceInfoflow - 		 -> $r8 = interfaceinvoke $r6.<android.database.Cursor: java.lang.String getString(int)>($i0) in line 1027
[main] INFO soot.jimple.infoflow.android.SetupApplication$InPlaceInfoflow - 	 -> <com.delhi.metro.dtc.FareDoor: java.lang.String getFareAll(int,int)>
[main] INFO soot.jimple.infoflow.android.SetupApplication$InPlaceInfoflow - 		 -> $r9 = virtualinvoke $r9.<java.lang.StringBuilder: java.lang.StringBuilder append(java.lang.String)>($r8) in line 1041
[main] INFO soot.jimple.infoflow.android.SetupApplication$InPlaceInfoflow - 	 -> <com.delhi.metro.dtc.FareDoor: java.lang.String getFareAll(int,int)>
[main] INFO soot.jimple.infoflow.android.SetupApplication$InPlaceInfoflow - 		 -> $r7 = virtualinvoke $r9.<java.lang.StringBuilder: java.lang.String toString()>() in line 1041
[main] INFO soot.jimple.infoflow.android.SetupApplication$InPlaceInfoflow - 	 -> <com.delhi.metro.dtc.FareDoor: java.lang.String getFareAll(int,int)>
[main] INFO soot.jimple.infoflow.android.SetupApplication$InPlaceInfoflow - 		 -> staticinvoke <android.util.Log: int d(java.lang.String,java.lang.String)>("sandeep", $r7) in line 1041
[main] INFO soot.jimple.infoflow.android.SetupApplication$InPlaceInfoflow - - $r8 = interfaceinvoke $r6.<android.database.Cursor: java.lang.String getString(int)>($i0) on line 1036 in method <com.delhi.metro.dtc.FareDoor: java.lang.String getFareAll(int,int)>
[main] INFO soot.jimple.infoflow.android.SetupApplication$InPlaceInfoflow - 	on Path: 
[main] INFO soot.jimple.infoflow.android.SetupApplication$InPlaceInfoflow - 	 -> <com.delhi.metro.dtc.FareDoor: java.lang.String getFareAll(int,int)>
[main] INFO soot.jimple.infoflow.android.SetupApplication$InPlaceInfoflow - 		 -> $r8 = interfaceinvoke $r6.<android.database.Cursor: java.lang.String getString(int)>($i0) in line 1036
[main] INFO soot.jimple.infoflow.android.SetupApplication$InPlaceInfoflow - 	 -> <com.delhi.metro.dtc.FareDoor: java.lang.String getFareAll(int,int)>
[main] INFO soot.jimple.infoflow.android.SetupApplication$InPlaceInfoflow - 		 -> $r9 = virtualinvoke $r9.<java.lang.StringBuilder: java.lang.StringBuilder append(java.lang.String)>($r8) in line 1041
[main] INFO soot.jimple.infoflow.android.SetupApplication$InPlaceInfoflow - 	 -> <com.delhi.metro.dtc.FareDoor: java.lang.String getFareAll(int,int)>
[main] INFO soot.jimple.infoflow.android.SetupApplication$InPlaceInfoflow - 		 -> $r7 = virtualinvoke $r9.<java.lang.StringBuilder: java.lang.String toString()>() in line 1041
[main] INFO soot.jimple.infoflow.android.SetupApplication$InPlaceInfoflow - 	 -> <com.delhi.metro.dtc.FareDoor: java.lang.String getFareAll(int,int)>
[main] INFO soot.jimple.infoflow.android.SetupApplication$InPlaceInfoflow - 		 -> staticinvoke <android.util.Log: int d(java.lang.String,java.lang.String)>("sandeep", $r7) in line 1041
[main] INFO soot.jimple.infoflow.android.SetupApplication$InPlaceInfoflow - The sink staticinvoke <android.util.Log: int d(java.lang.String,java.lang.String)>("sandeep", $r8) on line 1020 in method <com.delhi.metro.dtc.FareDoor: java.lang.String getFareAll(int,int)> was called with values from the following sources:
[main] INFO soot.jimple.infoflow.android.SetupApplication$InPlaceInfoflow - - $r5 = interfaceinvoke $r6.<android.database.Cursor: java.lang.String getString(int)>(0) on line 1014 in method <com.delhi.metro.dtc.FareDoor: java.lang.String getFareAll(int,int)>
[main] INFO soot.jimple.infoflow.android.SetupApplication$InPlaceInfoflow - 	on Path: 
[main] INFO soot.jimple.infoflow.android.SetupApplication$InPlaceInfoflow - 	 -> <com.delhi.metro.dtc.FareDoor: java.lang.String getFareAll(int,int)>
[main] INFO soot.jimple.infoflow.android.SetupApplication$InPlaceInfoflow - 		 -> $r5 = interfaceinvoke $r6.<android.database.Cursor: java.lang.String getString(int)>(0) in line 1014
[main] INFO soot.jimple.infoflow.android.SetupApplication$InPlaceInfoflow - 	 -> <com.delhi.metro.dtc.FareDoor: java.lang.String getFareAll(int,int)>
[main] INFO soot.jimple.infoflow.android.SetupApplication$InPlaceInfoflow - 		 -> $r9 = virtualinvoke $r9.<java.lang.StringBuilder: java.lang.StringBuilder append(java.lang.String)>($r5) in line 1020
[main] INFO soot.jimple.infoflow.android.SetupApplication$InPlaceInfoflow - 	 -> <com.delhi.metro.dtc.FareDoor: java.lang.String getFareAll(int,int)>
[main] INFO soot.jimple.infoflow.android.SetupApplication$InPlaceInfoflow - 		 -> $r8 = virtualinvoke $r9.<java.lang.StringBuilder: java.lang.String toString()>() in line 1020
[main] INFO soot.jimple.infoflow.android.SetupApplication$InPlaceInfoflow - 	 -> <com.delhi.metro.dtc.FareDoor: java.lang.String getFareAll(int,int)>
[main] INFO soot.jimple.infoflow.android.SetupApplication$InPlaceInfoflow - 		 -> staticinvoke <android.util.Log: int d(java.lang.String,java.lang.String)>("sandeep", $r8) in line 1020
[main] INFO soot.jimple.infoflow.android.SetupApplication$InPlaceInfoflow - - $r7 = interfaceinvoke $r6.<android.database.Cursor: java.lang.String getString(int)>(0) on line 1006 in method <com.delhi.metro.dtc.FareDoor: java.lang.String getFareAll(int,int)>
[main] INFO soot.jimple.infoflow.android.SetupApplication$InPlaceInfoflow - 	on Path: 
[main] INFO soot.jimple.infoflow.android.SetupApplication$InPlaceInfoflow - 	 -> <com.delhi.metro.dtc.FareDoor: java.lang.String getFareAll(int,int)>
[main] INFO soot.jimple.infoflow.android.SetupApplication$InPlaceInfoflow - 		 -> $r7 = interfaceinvoke $r6.<android.database.Cursor: java.lang.String getString(int)>(0) in line 1006
[main] INFO soot.jimple.infoflow.android.SetupApplication$InPlaceInfoflow - 	 -> <com.delhi.metro.dtc.FareDoor: java.lang.String getFareAll(int,int)>
[main] INFO soot.jimple.infoflow.android.SetupApplication$InPlaceInfoflow - 		 -> $r9 = virtualinvoke $r9.<java.lang.StringBuilder: java.lang.StringBuilder append(java.lang.String)>($r7) in line 1020
[main] INFO soot.jimple.infoflow.android.SetupApplication$InPlaceInfoflow - 	 -> <com.delhi.metro.dtc.FareDoor: java.lang.String getFareAll(int,int)>
[main] INFO soot.jimple.infoflow.android.SetupApplication$InPlaceInfoflow - 		 -> $r9 = virtualinvoke $r9.<java.lang.StringBuilder: java.lang.StringBuilder append(java.lang.String)>(" Stn id2: ") in line 1020
[main] INFO soot.jimple.infoflow.android.SetupApplication$InPlaceInfoflow - 	 -> <com.delhi.metro.dtc.FareDoor: java.lang.String getFareAll(int,int)>
[main] INFO soot.jimple.infoflow.android.SetupApplication$InPlaceInfoflow - 		 -> $r9 = virtualinvoke $r9.<java.lang.StringBuilder: java.lang.StringBuilder append(java.lang.String)>($r5) in line 1020
[main] INFO soot.jimple.infoflow.android.SetupApplication$InPlaceInfoflow - 	 -> <com.delhi.metro.dtc.FareDoor: java.lang.String getFareAll(int,int)>
[main] INFO soot.jimple.infoflow.android.SetupApplication$InPlaceInfoflow - 		 -> $r8 = virtualinvoke $r9.<java.lang.StringBuilder: java.lang.String toString()>() in line 1020
[main] INFO soot.jimple.infoflow.android.SetupApplication$InPlaceInfoflow - 	 -> <com.delhi.metro.dtc.FareDoor: java.lang.String getFareAll(int,int)>
[main] INFO soot.jimple.infoflow.android.SetupApplication$InPlaceInfoflow - 		 -> staticinvoke <android.util.Log: int d(java.lang.String,java.lang.String)>("sandeep", $r8) in line 1020
[main] INFO soot.jimple.infoflow.android.SetupApplication$InPlaceInfoflow - Data flow solver took 5 seconds. Maximum memory consumption: 227 MB
[main] INFO soot.jimple.infoflow.android.SetupApplication - Found 3 leaks from 10 sources
