[0.001s][warning][pagesize] UseLargePages disabled, no large pages configured and available on the system.
[main] WARN soot.jimple.infoflow.methodSummary.data.provider.LazySummaryProvider - Lazy loading summaries from a jar/zip file might throw a ClosedChannelException. Use the EagerSummaryProvider instead.
[main] INFO soot.jimple.infoflow.cmd.MainClass - Analyzing app /home/micsispa/Downloads/APKs/com.yourdelivery.pyszne.apk (1 of 1)...
[main] INFO soot.jimple.infoflow.android.SetupApplication - Initializing Soot...
[main] INFO soot.jimple.infoflow.android.SetupApplication - Loading dex files...
[main] INFO soot.jimple.infoflow.android.SetupApplication - ARSC file parsing took 0.026501042 seconds
[main] INFO soot.jimple.infoflow.memory.MemoryWarningSystem - Registered a memory warning system for 1,611.9 MiB
[main] INFO soot.jimple.infoflow.android.entryPointCreators.AndroidEntryPointCreator - Creating Android entry point for 21 components...
[main] INFO soot.jimple.infoflow.android.SetupApplication - Constructing the callgraph...
[main] ERROR soot.jimple.spark.solver.PropWorklist - Note that we log, but continue in case of SPARK problems
[main] WARN soot.jimple.infoflow.android.resources.LayoutFileParser - Fragment without class name or id detected
[main] WARN soot.jimple.infoflow.android.resources.LayoutFileParser - Fragment without class name or id detected
[main] INFO soot.jimple.infoflow.android.callbacks.DefaultCallbackAnalyzer - Collecting callbacks in DEFAULT mode...
[main] INFO soot.jimple.infoflow.android.callbacks.DefaultCallbackAnalyzer - Callback analysis done.
[main] WARN soot.jimple.infoflow.android.resources.LayoutFileParser - Fragment without class name or id detected
[main] WARN soot.jimple.infoflow.android.resources.LayoutFileParser - Fragment without class name or id detected
[main] INFO soot.jimple.infoflow.android.entryPointCreators.AndroidEntryPointCreator - Creating Android entry point for 21 components...
[main] WARN soot.jimple.infoflow.android.entryPointCreators.AndroidEntryPointCreator - Cannot create valid constructor for com.yopeso.lieferando.LieferandoApplication, because it is abstract and cannot substitute with subclass
[main] WARN soot.jimple.infoflow.android.entryPointCreators.components.ActivityEntryPointCreator - Cannot create valid constructor for com.actionbarsherlock.view.MenuItem, because it is an interface and cannot substitute with subclass
[main] WARN soot.jimple.infoflow.android.entryPointCreators.components.ActivityEntryPointCreator - Cannot create valid constructor for com.actionbarsherlock.view.Menu, because it is an interface and cannot substitute with subclass
[main] WARN soot.jimple.infoflow.android.entryPointCreators.components.ActivityEntryPointCreator - Cannot create valid constructor for net.hockeyapp.android.CrashManagerListener, because it is abstract and cannot substitute with subclass
[main] WARN soot.jimple.infoflow.android.entryPointCreators.components.ActivityEntryPointCreator - Cannot create valid constructor for com.actionbarsherlock.view.MenuItem, because it is an interface and cannot substitute with subclass
[main] WARN soot.jimple.infoflow.android.entryPointCreators.components.ActivityEntryPointCreator - Cannot create valid constructor for com.actionbarsherlock.view.Menu, because it is an interface and cannot substitute with subclass
[main] WARN soot.jimple.infoflow.android.entryPointCreators.components.ActivityEntryPointCreator - Cannot create valid constructor for net.hockeyapp.android.CrashManagerListener, because it is abstract and cannot substitute with subclass
[main] WARN soot.jimple.infoflow.android.entryPointCreators.components.ActivityEntryPointCreator - Cannot create valid constructor for com.yopeso.lieferando.fragments.search.CSHFragment, because it is abstract and cannot substitute with subclass
[main] WARN soot.jimple.infoflow.android.entryPointCreators.components.ActivityEntryPointCreator - Cannot create valid constructor for com.actionbarsherlock.view.Menu, because it is an interface and cannot substitute with subclass
[main] WARN soot.jimple.infoflow.android.entryPointCreators.components.ActivityEntryPointCreator - Cannot create valid constructor for com.actionbarsherlock.view.MenuItem, because it is an interface and cannot substitute with subclass
[main] WARN soot.jimple.infoflow.android.entryPointCreators.components.ActivityEntryPointCreator - Cannot create valid constructor for com.yopeso.lieferando.activity.BaseAccountActivity, because it is abstract and cannot substitute with subclass
[main] WARN soot.jimple.infoflow.android.entryPointCreators.components.ActivityEntryPointCreator - Cannot create valid constructor for net.hockeyapp.android.CrashManagerListener, because it is abstract and cannot substitute with subclass
[main] WARN soot.jimple.infoflow.android.entryPointCreators.components.ActivityEntryPointCreator - Cannot create valid constructor for com.actionbarsherlock.view.Menu, because it is an interface and cannot substitute with subclass
[main] WARN soot.jimple.infoflow.android.entryPointCreators.components.ActivityEntryPointCreator - Cannot create valid constructor for com.actionbarsherlock.view.MenuItem, because it is an interface and cannot substitute with subclass
[main] WARN soot.jimple.infoflow.android.entryPointCreators.components.ActivityEntryPointCreator - Cannot create valid constructor for net.hockeyapp.android.CrashManagerListener, because it is abstract and cannot substitute with subclass
[main] WARN soot.jimple.infoflow.android.entryPointCreators.components.ActivityEntryPointCreator - Cannot create valid constructor for com.yopeso.lieferando.activity.BaseAccountActivity, because it is abstract and cannot substitute with subclass
[main] WARN soot.jimple.infoflow.android.entryPointCreators.components.ActivityEntryPointCreator - Cannot create valid constructor for com.actionbarsherlock.view.Menu, because it is an interface and cannot substitute with subclass
[main] WARN soot.jimple.infoflow.android.entryPointCreators.components.ActivityEntryPointCreator - Cannot create valid constructor for com.actionbarsherlock.view.MenuItem, because it is an interface and cannot substitute with subclass
[main] WARN soot.jimple.infoflow.android.entryPointCreators.components.ActivityEntryPointCreator - Cannot create valid constructor for net.hockeyapp.android.CrashManagerListener, because it is abstract and cannot substitute with subclass
[main] WARN soot.jimple.infoflow.android.entryPointCreators.components.ActivityEntryPointCreator - Cannot create valid constructor for com.yopeso.lieferando.activity.BaseSearchActivity, because it is abstract and cannot substitute with subclass
[main] WARN soot.jimple.infoflow.android.entryPointCreators.components.ActivityEntryPointCreator - Cannot create valid constructor for com.actionbarsherlock.view.Menu, because it is an interface and cannot substitute with subclass
[main] WARN soot.jimple.infoflow.android.entryPointCreators.components.ActivityEntryPointCreator - Cannot create valid constructor for net.hockeyapp.android.CrashManagerListener, because it is abstract and cannot substitute with subclass
[main] WARN soot.jimple.infoflow.android.entryPointCreators.components.ActivityEntryPointCreator - Cannot create valid constructor for com.actionbarsherlock.view.MenuItem, because it is an interface and cannot substitute with subclass
[main] WARN soot.jimple.infoflow.android.entryPointCreators.components.ActivityEntryPointCreator - Cannot create valid constructor for com.yopeso.lieferando.activity.BaseSearchActivity, because it is abstract and cannot substitute with subclass
[main] WARN soot.jimple.infoflow.android.entryPointCreators.components.ActivityEntryPointCreator - Cannot create valid constructor for com.actionbarsherlock.view.Menu, because it is an interface and cannot substitute with subclass
[main] WARN soot.jimple.infoflow.android.entryPointCreators.components.ActivityEntryPointCreator - Cannot create valid constructor for net.hockeyapp.android.CrashManagerListener, because it is abstract and cannot substitute with subclass
[main] WARN soot.jimple.infoflow.android.entryPointCreators.components.ActivityEntryPointCreator - Cannot create valid constructor for com.yopeso.lieferando.activity.BaseAccountActivity, because it is abstract and cannot substitute with subclass
[main] WARN soot.jimple.infoflow.android.entryPointCreators.components.ActivityEntryPointCreator - Cannot create valid constructor for com.yopeso.lieferando.activity.BaseSearchActivity, because it is abstract and cannot substitute with subclass
[main] WARN soot.jimple.infoflow.android.entryPointCreators.components.ActivityEntryPointCreator - Cannot create valid constructor for com.actionbarsherlock.view.MenuItem, because it is an interface and cannot substitute with subclass
[main] WARN soot.jimple.infoflow.android.entryPointCreators.components.ActivityEntryPointCreator - Cannot create valid constructor for com.actionbarsherlock.view.Menu, because it is an interface and cannot substitute with subclass
[main] WARN soot.jimple.infoflow.android.entryPointCreators.components.ActivityEntryPointCreator - Cannot create valid constructor for com.actionbarsherlock.view.MenuItem, because it is an interface and cannot substitute with subclass
[main] WARN soot.jimple.infoflow.android.entryPointCreators.components.ActivityEntryPointCreator - Cannot create valid constructor for net.hockeyapp.android.CrashManagerListener, because it is abstract and cannot substitute with subclass
[main] WARN soot.jimple.infoflow.android.entryPointCreators.components.ActivityEntryPointCreator - Cannot create valid constructor for com.actionbarsherlock.view.Menu, because it is an interface and cannot substitute with subclass
[main] WARN soot.jimple.infoflow.android.entryPointCreators.components.ActivityEntryPointCreator - Cannot create valid constructor for net.hockeyapp.android.CrashManagerListener, because it is abstract and cannot substitute with subclass
[main] WARN soot.jimple.infoflow.android.entryPointCreators.components.ActivityEntryPointCreator - Cannot create valid constructor for com.actionbarsherlock.view.MenuItem, because it is an interface and cannot substitute with subclass
[main] WARN soot.jimple.infoflow.android.entryPointCreators.AndroidEntryPointCreator - Could not create call to application callback <com.yopeso.lieferando.LieferandoApplication: void onCreate()>. Local was null.
[main] INFO soot.jimple.infoflow.android.SetupApplication - Constructing the callgraph...
[main] ERROR soot.jimple.spark.solver.PropWorklist - Note that we log, but continue in case of SPARK problems
[main] WARN soot.jimple.infoflow.android.resources.LayoutFileParser - Fragment without class name or id detected
[main] WARN soot.jimple.infoflow.android.resources.LayoutFileParser - Fragment without class name or id detected
[main] INFO soot.jimple.infoflow.android.callbacks.DefaultCallbackAnalyzer - Running incremental callback analysis for 34 components...
[main] INFO soot.jimple.infoflow.android.callbacks.DefaultCallbackAnalyzer - Incremental callback analysis done.
[main] INFO soot.jimple.infoflow.android.entryPointCreators.AndroidEntryPointCreator - Creating Android entry point for 21 components...
[main] WARN soot.jimple.infoflow.android.entryPointCreators.components.FragmentEntryPointCreator - Cannot generate constructor for phantom class android.support.v4.app.Fragment
[main] WARN soot.jimple.infoflow.android.entryPointCreators.components.FragmentEntryPointCreator - Cannot create valid constructor for net.hockeyapp.android.listeners.DownloadFileListener, because it is abstract and cannot substitute with subclass
[main] WARN soot.jimple.infoflow.android.entryPointCreators.components.FragmentEntryPointCreator - Cannot create valid constructor for net.hockeyapp.android.listeners.DownloadFileListener, because it is abstract and cannot substitute with subclass
[main] WARN soot.jimple.infoflow.android.entryPointCreators.components.FragmentEntryPointCreator - Cannot create valid constructor for com.yopeso.lieferando.callback.LocationObtainedListener, because it is abstract and cannot substitute with subclass
[main] WARN soot.jimple.infoflow.android.entryPointCreators.components.FragmentEntryPointCreator - Cannot create valid constructor for net.hockeyapp.android.listeners.DownloadFileListener, because it is abstract and cannot substitute with subclass
[main] WARN soot.jimple.infoflow.android.entryPointCreators.components.FragmentEntryPointCreator - Cannot create valid constructor for net.hockeyapp.android.listeners.DownloadFileListener, because it is abstract and cannot substitute with subclass
[main] WARN soot.jimple.infoflow.android.entryPointCreators.components.FragmentEntryPointCreator - Cannot create valid constructor for net.hockeyapp.android.listeners.DownloadFileListener, because it is abstract and cannot substitute with subclass
[main] WARN soot.jimple.infoflow.android.entryPointCreators.components.ActivityEntryPointCreator - Cannot create valid constructor for com.actionbarsherlock.view.MenuItem, because it is an interface and cannot substitute with subclass
[main] WARN soot.jimple.infoflow.android.entryPointCreators.components.ActivityEntryPointCreator - Cannot create valid constructor for com.actionbarsherlock.view.Menu, because it is an interface and cannot substitute with subclass
[main] WARN soot.jimple.infoflow.android.entryPointCreators.components.ActivityEntryPointCreator - Cannot create valid constructor for net.hockeyapp.android.listeners.DownloadFileListener, because it is abstract and cannot substitute with subclass
[main] WARN soot.jimple.infoflow.android.entryPointCreators.components.ActivityEntryPointCreator - Cannot create valid constructor for net.hockeyapp.android.CrashManagerListener, because it is abstract and cannot substitute with subclass
[main] WARN soot.jimple.infoflow.android.entryPointCreators.components.ActivityEntryPointCreator - Cannot create valid constructor for com.actionbarsherlock.view.MenuItem, because it is an interface and cannot substitute with subclass
[main] WARN soot.jimple.infoflow.android.entryPointCreators.components.ActivityEntryPointCreator - Cannot create valid constructor for com.actionbarsherlock.view.Menu, because it is an interface and cannot substitute with subclass
[main] WARN soot.jimple.infoflow.android.entryPointCreators.components.ActivityEntryPointCreator - Cannot create valid constructor for net.hockeyapp.android.listeners.DownloadFileListener, because it is abstract and cannot substitute with subclass
[main] WARN soot.jimple.infoflow.android.entryPointCreators.components.ActivityEntryPointCreator - Cannot create valid constructor for net.hockeyapp.android.CrashManagerListener, because it is abstract and cannot substitute with subclass
[main] WARN soot.jimple.infoflow.android.entryPointCreators.components.ActivityEntryPointCreator - Cannot create valid constructor for com.actionbarsherlock.view.Menu, because it is an interface and cannot substitute with subclass
[main] WARN soot.jimple.infoflow.android.entryPointCreators.components.ActivityEntryPointCreator - Cannot create valid constructor for com.yopeso.lieferando.activity.BaseSearchActivity, because it is abstract and cannot substitute with subclass
[main] WARN soot.jimple.infoflow.android.entryPointCreators.components.ActivityEntryPointCreator - Cannot create valid constructor for net.hockeyapp.android.listeners.DownloadFileListener, because it is abstract and cannot substitute with subclass
[main] WARN soot.jimple.infoflow.android.entryPointCreators.components.ActivityEntryPointCreator - Cannot create valid constructor for com.actionbarsherlock.view.MenuItem, because it is an interface and cannot substitute with subclass
[main] WARN soot.jimple.infoflow.android.entryPointCreators.components.ActivityEntryPointCreator - Cannot create valid constructor for net.hockeyapp.android.CrashManagerListener, because it is abstract and cannot substitute with subclass
[main] WARN soot.jimple.infoflow.android.entryPointCreators.components.ActivityEntryPointCreator - Cannot create valid constructor for net.hockeyapp.android.listeners.DownloadFileListener, because it is abstract and cannot substitute with subclass
[main] WARN soot.jimple.infoflow.android.entryPointCreators.components.ActivityEntryPointCreator - Cannot create valid constructor for com.actionbarsherlock.view.Menu, because it is an interface and cannot substitute with subclass
[main] WARN soot.jimple.infoflow.android.entryPointCreators.components.ActivityEntryPointCreator - Cannot create valid constructor for com.yopeso.lieferando.activity.BaseSearchActivity, because it is abstract and cannot substitute with subclass
[main] WARN soot.jimple.infoflow.android.entryPointCreators.components.ActivityEntryPointCreator - Cannot create valid constructor for net.hockeyapp.android.listeners.DownloadFileListener, because it is abstract and cannot substitute with subclass
[main] WARN soot.jimple.infoflow.android.entryPointCreators.components.ActivityEntryPointCreator - Cannot create valid constructor for com.actionbarsherlock.view.MenuItem, because it is an interface and cannot substitute with subclass
[main] WARN soot.jimple.infoflow.android.entryPointCreators.components.ActivityEntryPointCreator - Cannot create valid constructor for net.hockeyapp.android.CrashManagerListener, because it is abstract and cannot substitute with subclass
[main] WARN soot.jimple.infoflow.android.entryPointCreators.components.ActivityEntryPointCreator - Cannot create valid constructor for com.actionbarsherlock.view.Menu, because it is an interface and cannot substitute with subclass
[main] WARN soot.jimple.infoflow.android.entryPointCreators.components.ActivityEntryPointCreator - Cannot create valid constructor for net.hockeyapp.android.listeners.DownloadFileListener, because it is abstract and cannot substitute with subclass
[main] WARN soot.jimple.infoflow.android.entryPointCreators.components.ActivityEntryPointCreator - Cannot create valid constructor for com.actionbarsherlock.view.MenuItem, because it is an interface and cannot substitute with subclass
[main] WARN soot.jimple.infoflow.android.entryPointCreators.components.ActivityEntryPointCreator - Cannot create valid constructor for net.hockeyapp.android.CrashManagerListener, because it is abstract and cannot substitute with subclass
[main] WARN soot.jimple.infoflow.android.entryPointCreators.components.ActivityEntryPointCreator - Cannot create valid constructor for com.yopeso.lieferando.activity.BaseAccountActivity, because it is abstract and cannot substitute with subclass
[main] WARN soot.jimple.infoflow.android.entryPointCreators.components.ActivityEntryPointCreator - Cannot create valid constructor for com.yopeso.lieferando.activity.BaseSearchActivity, because it is abstract and cannot substitute with subclass
[main] WARN soot.jimple.infoflow.android.entryPointCreators.components.ActivityEntryPointCreator - Cannot create valid constructor for com.actionbarsherlock.view.Menu, because it is an interface and cannot substitute with subclass
[main] WARN soot.jimple.infoflow.android.entryPointCreators.components.ActivityEntryPointCreator - Cannot create valid constructor for com.actionbarsherlock.view.MenuItem, because it is an interface and cannot substitute with subclass
[main] WARN soot.jimple.infoflow.android.entryPointCreators.components.ActivityEntryPointCreator - Cannot create valid constructor for net.hockeyapp.android.listeners.DownloadFileListener, because it is abstract and cannot substitute with subclass
[main] WARN soot.jimple.infoflow.android.entryPointCreators.components.ActivityEntryPointCreator - Cannot create valid constructor for net.hockeyapp.android.CrashManagerListener, because it is abstract and cannot substitute with subclass
[main] WARN soot.jimple.infoflow.android.entryPointCreators.components.ActivityEntryPointCreator - Cannot create valid constructor for com.actionbarsherlock.view.Menu, because it is an interface and cannot substitute with subclass
[main] WARN soot.jimple.infoflow.android.entryPointCreators.components.ActivityEntryPointCreator - Cannot create valid constructor for net.hockeyapp.android.listeners.DownloadFileListener, because it is abstract and cannot substitute with subclass
[main] WARN soot.jimple.infoflow.android.entryPointCreators.components.ActivityEntryPointCreator - Cannot create valid constructor for com.actionbarsherlock.view.MenuItem, because it is an interface and cannot substitute with subclass
[main] WARN soot.jimple.infoflow.android.entryPointCreators.components.ActivityEntryPointCreator - Cannot create valid constructor for net.hockeyapp.android.CrashManagerListener, because it is abstract and cannot substitute with subclass
[main] WARN soot.jimple.infoflow.android.entryPointCreators.AndroidEntryPointCreator - Could not create call to application callback <com.yopeso.lieferando.LieferandoApplication: void onCreate()>. Local was null.
[main] INFO soot.jimple.infoflow.android.SetupApplication - Constructing the callgraph...
[main] ERROR soot.jimple.spark.solver.PropWorklist - Note that we log, but continue in case of SPARK problems
[main] WARN soot.jimple.infoflow.android.resources.LayoutFileParser - Fragment without class name or id detected
[main] WARN soot.jimple.infoflow.android.resources.LayoutFileParser - Fragment without class name or id detected
[main] INFO soot.jimple.infoflow.android.callbacks.DefaultCallbackAnalyzer - Running incremental callback analysis for 26 components...
[main] INFO soot.jimple.infoflow.android.callbacks.DefaultCallbackAnalyzer - Incremental callback analysis done.
[main] INFO soot.jimple.infoflow.android.entryPointCreators.AndroidEntryPointCreator - Creating Android entry point for 21 components...
[main] WARN soot.jimple.infoflow.android.entryPointCreators.components.FragmentEntryPointCreator - Cannot generate constructor for phantom class android.support.v4.app.Fragment
[main] WARN soot.jimple.infoflow.android.entryPointCreators.components.FragmentEntryPointCreator - Cannot create valid constructor for net.hockeyapp.android.listeners.DownloadFileListener, because it is abstract and cannot substitute with subclass
[main] WARN soot.jimple.infoflow.android.entryPointCreators.components.FragmentEntryPointCreator - Cannot create valid constructor for com.yopeso.lieferando.callback.LocationObtainedListener, because it is abstract and cannot substitute with subclass
[main] WARN soot.jimple.infoflow.android.entryPointCreators.components.FragmentEntryPointCreator - Cannot create valid constructor for com.yopeso.lieferando.callback.LocationObtainedListener, because it is abstract and cannot substitute with subclass
[main] WARN soot.jimple.infoflow.android.entryPointCreators.components.FragmentEntryPointCreator - Cannot create valid constructor for net.hockeyapp.android.listeners.DownloadFileListener, because it is abstract and cannot substitute with subclass
[main] WARN soot.jimple.infoflow.android.entryPointCreators.components.FragmentEntryPointCreator - Cannot create valid constructor for net.hockeyapp.android.listeners.DownloadFileListener, because it is abstract and cannot substitute with subclass
[main] WARN soot.jimple.infoflow.android.entryPointCreators.components.FragmentEntryPointCreator - Cannot create valid constructor for net.hockeyapp.android.listeners.DownloadFileListener, because it is abstract and cannot substitute with subclass
[main] WARN soot.jimple.infoflow.android.entryPointCreators.components.FragmentEntryPointCreator - Cannot create valid constructor for net.hockeyapp.android.listeners.DownloadFileListener, because it is abstract and cannot substitute with subclass
[main] WARN soot.jimple.infoflow.android.entryPointCreators.components.FragmentEntryPointCreator - Cannot create valid constructor for net.hockeyapp.android.listeners.DownloadFileListener, because it is abstract and cannot substitute with subclass
[main] WARN soot.jimple.infoflow.android.entryPointCreators.components.FragmentEntryPointCreator - Cannot create valid constructor for com.yopeso.lieferando.callback.LocationObtainedListener, because it is abstract and cannot substitute with subclass
[main] WARN soot.jimple.infoflow.android.entryPointCreators.components.FragmentEntryPointCreator - Cannot create valid constructor for net.hockeyapp.android.listeners.DownloadFileListener, because it is abstract and cannot substitute with subclass
[main] WARN soot.jimple.infoflow.android.entryPointCreators.components.FragmentEntryPointCreator - Cannot create valid constructor for net.hockeyapp.android.listeners.DownloadFileListener, because it is abstract and cannot substitute with subclass
[main] WARN soot.jimple.infoflow.android.entryPointCreators.components.FragmentEntryPointCreator - Cannot create valid constructor for net.hockeyapp.android.listeners.DownloadFileListener, because it is abstract and cannot substitute with subclass
[main] WARN soot.jimple.infoflow.android.entryPointCreators.components.FragmentEntryPointCreator - Cannot create valid constructor for net.hockeyapp.android.listeners.DownloadFileListener, because it is abstract and cannot substitute with subclass
[main] WARN soot.jimple.infoflow.android.entryPointCreators.components.FragmentEntryPointCreator - Cannot create valid constructor for net.hockeyapp.android.listeners.DownloadFileListener, because it is abstract and cannot substitute with subclass
[main] WARN soot.jimple.infoflow.android.entryPointCreators.components.ActivityEntryPointCreator - Cannot create valid constructor for com.actionbarsherlock.view.MenuItem, because it is an interface and cannot substitute with subclass
[main] WARN soot.jimple.infoflow.android.entryPointCreators.components.ActivityEntryPointCreator - Cannot create valid constructor for com.actionbarsherlock.view.Menu, because it is an interface and cannot substitute with subclass
[main] WARN soot.jimple.infoflow.android.entryPointCreators.components.ActivityEntryPointCreator - Cannot create valid constructor for net.hockeyapp.android.listeners.DownloadFileListener, because it is abstract and cannot substitute with subclass
[main] WARN soot.jimple.infoflow.android.entryPointCreators.components.ActivityEntryPointCreator - Cannot create valid constructor for net.hockeyapp.android.CrashManagerListener, because it is abstract and cannot substitute with subclass
[main] WARN soot.jimple.infoflow.android.entryPointCreators.components.ActivityEntryPointCreator - Cannot create valid constructor for com.actionbarsherlock.view.MenuItem, because it is an interface and cannot substitute with subclass
[main] WARN soot.jimple.infoflow.android.entryPointCreators.components.ActivityEntryPointCreator - Cannot create valid constructor for com.actionbarsherlock.view.Menu, because it is an interface and cannot substitute with subclass
[main] WARN soot.jimple.infoflow.android.entryPointCreators.components.ActivityEntryPointCreator - Cannot create valid constructor for net.hockeyapp.android.listeners.DownloadFileListener, because it is abstract and cannot substitute with subclass
[main] WARN soot.jimple.infoflow.android.entryPointCreators.components.ActivityEntryPointCreator - Cannot create valid constructor for net.hockeyapp.android.CrashManagerListener, because it is abstract and cannot substitute with subclass
[main] WARN soot.jimple.infoflow.android.entryPointCreators.components.ActivityEntryPointCreator - Cannot create valid constructor for com.actionbarsherlock.view.Menu, because it is an interface and cannot substitute with subclass
[main] WARN soot.jimple.infoflow.android.entryPointCreators.components.ActivityEntryPointCreator - Cannot create valid constructor for com.actionbarsherlock.view.MenuItem, because it is an interface and cannot substitute with subclass
[main] WARN soot.jimple.infoflow.android.entryPointCreators.components.ActivityEntryPointCreator - Cannot create valid constructor for com.yopeso.lieferando.activity.BaseSearchActivity, because it is abstract and cannot substitute with subclass
[main] WARN soot.jimple.infoflow.android.entryPointCreators.components.ActivityEntryPointCreator - Cannot create valid constructor for net.hockeyapp.android.listeners.DownloadFileListener, because it is abstract and cannot substitute with subclass
[main] WARN soot.jimple.infoflow.android.entryPointCreators.components.ActivityEntryPointCreator - Cannot create valid constructor for net.hockeyapp.android.CrashManagerListener, because it is abstract and cannot substitute with subclass
[main] WARN soot.jimple.infoflow.android.entryPointCreators.components.ActivityEntryPointCreator - Cannot create valid constructor for net.hockeyapp.android.listeners.DownloadFileListener, because it is abstract and cannot substitute with subclass
[main] WARN soot.jimple.infoflow.android.entryPointCreators.components.ActivityEntryPointCreator - Cannot create valid constructor for com.actionbarsherlock.view.Menu, because it is an interface and cannot substitute with subclass
[main] WARN soot.jimple.infoflow.android.entryPointCreators.components.ActivityEntryPointCreator - Cannot create valid constructor for com.actionbarsherlock.view.MenuItem, because it is an interface and cannot substitute with subclass
[main] WARN soot.jimple.infoflow.android.entryPointCreators.components.ActivityEntryPointCreator - Cannot create valid constructor for com.yopeso.lieferando.activity.BaseSearchActivity, because it is abstract and cannot substitute with subclass
[main] WARN soot.jimple.infoflow.android.entryPointCreators.components.ActivityEntryPointCreator - Cannot create valid constructor for net.hockeyapp.android.listeners.DownloadFileListener, because it is abstract and cannot substitute with subclass
[main] WARN soot.jimple.infoflow.android.entryPointCreators.components.ActivityEntryPointCreator - Cannot create valid constructor for net.hockeyapp.android.CrashManagerListener, because it is abstract and cannot substitute with subclass
[main] WARN soot.jimple.infoflow.android.entryPointCreators.components.ActivityEntryPointCreator - Cannot create valid constructor for com.actionbarsherlock.view.Menu, because it is an interface and cannot substitute with subclass
[main] WARN soot.jimple.infoflow.android.entryPointCreators.components.ActivityEntryPointCreator - Cannot create valid constructor for com.actionbarsherlock.view.MenuItem, because it is an interface and cannot substitute with subclass
[main] WARN soot.jimple.infoflow.android.entryPointCreators.components.ActivityEntryPointCreator - Cannot create valid constructor for com.yopeso.lieferando.activity.BaseAccountActivity, because it is abstract and cannot substitute with subclass
[main] WARN soot.jimple.infoflow.android.entryPointCreators.components.ActivityEntryPointCreator - Cannot create valid constructor for com.yopeso.lieferando.activity.BaseSearchActivity, because it is abstract and cannot substitute with subclass
[main] WARN soot.jimple.infoflow.android.entryPointCreators.components.ActivityEntryPointCreator - Cannot create valid constructor for net.hockeyapp.android.listeners.DownloadFileListener, because it is abstract and cannot substitute with subclass
[main] WARN soot.jimple.infoflow.android.entryPointCreators.components.ActivityEntryPointCreator - Cannot create valid constructor for net.hockeyapp.android.CrashManagerListener, because it is abstract and cannot substitute with subclass
[main] WARN soot.jimple.infoflow.android.entryPointCreators.components.ActivityEntryPointCreator - Cannot create valid constructor for com.actionbarsherlock.view.Menu, because it is an interface and cannot substitute with subclass
[main] WARN soot.jimple.infoflow.android.entryPointCreators.components.ActivityEntryPointCreator - Cannot create valid constructor for com.actionbarsherlock.view.MenuItem, because it is an interface and cannot substitute with subclass
[main] WARN soot.jimple.infoflow.android.entryPointCreators.components.ActivityEntryPointCreator - Cannot create valid constructor for net.hockeyapp.android.listeners.DownloadFileListener, because it is abstract and cannot substitute with subclass
[main] WARN soot.jimple.infoflow.android.entryPointCreators.components.ActivityEntryPointCreator - Cannot create valid constructor for net.hockeyapp.android.CrashManagerListener, because it is abstract and cannot substitute with subclass
[main] WARN soot.jimple.infoflow.android.entryPointCreators.components.ActivityEntryPointCreator - Cannot create valid constructor for com.actionbarsherlock.view.Menu, because it is an interface and cannot substitute with subclass
[main] WARN soot.jimple.infoflow.android.entryPointCreators.components.ActivityEntryPointCreator - Cannot create valid constructor for com.actionbarsherlock.view.MenuItem, because it is an interface and cannot substitute with subclass
[main] WARN soot.jimple.infoflow.android.entryPointCreators.components.ActivityEntryPointCreator - Cannot create valid constructor for net.hockeyapp.android.listeners.DownloadFileListener, because it is abstract and cannot substitute with subclass
[main] WARN soot.jimple.infoflow.android.entryPointCreators.components.ActivityEntryPointCreator - Cannot create valid constructor for net.hockeyapp.android.CrashManagerListener, because it is abstract and cannot substitute with subclass
[main] WARN soot.jimple.infoflow.android.entryPointCreators.AndroidEntryPointCreator - Could not create call to application callback <com.yopeso.lieferando.LieferandoApplication: void onCreate()>. Local was null.
[main] INFO soot.jimple.infoflow.android.SetupApplication - Constructing the callgraph...
[main] ERROR soot.jimple.spark.solver.PropWorklist - Note that we log, but continue in case of SPARK problems
[main] WARN soot.jimple.infoflow.android.resources.LayoutFileParser - Fragment without class name or id detected
[main] WARN soot.jimple.infoflow.android.resources.LayoutFileParser - Fragment without class name or id detected
[main] INFO soot.jimple.infoflow.android.callbacks.DefaultCallbackAnalyzer - Running incremental callback analysis for 28 components...
[main] INFO soot.jimple.infoflow.android.callbacks.DefaultCallbackAnalyzer - Incremental callback analysis done.
[main] INFO soot.jimple.infoflow.android.entryPointCreators.AndroidEntryPointCreator - Creating Android entry point for 21 components...
[main] WARN soot.jimple.infoflow.android.entryPointCreators.components.FragmentEntryPointCreator - Cannot generate constructor for phantom class android.support.v4.app.Fragment
[main] WARN soot.jimple.infoflow.android.entryPointCreators.components.FragmentEntryPointCreator - Cannot create valid constructor for com.yopeso.lieferando.callback.LocationObtainedListener, because it is abstract and cannot substitute with subclass
[main] WARN soot.jimple.infoflow.android.entryPointCreators.components.FragmentEntryPointCreator - Cannot create valid constructor for com.yopeso.lieferando.callback.LocationObtainedListener, because it is abstract and cannot substitute with subclass
[main] WARN soot.jimple.infoflow.android.entryPointCreators.components.FragmentEntryPointCreator - Cannot create valid constructor for net.hockeyapp.android.listeners.DownloadFileListener, because it is abstract and cannot substitute with subclass
[main] WARN soot.jimple.infoflow.android.entryPointCreators.components.FragmentEntryPointCreator - Cannot create valid constructor for com.yopeso.lieferando.callback.LocationObtainedListener, because it is abstract and cannot substitute with subclass
[main] WARN soot.jimple.infoflow.android.entryPointCreators.components.FragmentEntryPointCreator - Cannot create valid constructor for net.hockeyapp.android.listeners.DownloadFileListener, because it is abstract and cannot substitute with subclass
[main] WARN soot.jimple.infoflow.android.entryPointCreators.components.FragmentEntryPointCreator - Cannot create valid constructor for net.hockeyapp.android.listeners.DownloadFileListener, because it is abstract and cannot substitute with subclass
[main] WARN soot.jimple.infoflow.android.entryPointCreators.components.FragmentEntryPointCreator - Cannot create valid constructor for net.hockeyapp.android.listeners.DownloadFileListener, because it is abstract and cannot substitute with subclass
[main] WARN soot.jimple.infoflow.android.entryPointCreators.components.FragmentEntryPointCreator - Cannot create valid constructor for net.hockeyapp.android.listeners.DownloadFileListener, because it is abstract and cannot substitute with subclass
[main] WARN soot.jimple.infoflow.android.entryPointCreators.components.FragmentEntryPointCreator - Cannot create valid constructor for net.hockeyapp.android.listeners.DownloadFileListener, because it is abstract and cannot substitute with subclass
[main] WARN soot.jimple.infoflow.android.entryPointCreators.components.FragmentEntryPointCreator - Cannot create valid constructor for net.hockeyapp.android.listeners.DownloadFileListener, because it is abstract and cannot substitute with subclass
[main] WARN soot.jimple.infoflow.android.entryPointCreators.components.FragmentEntryPointCreator - Cannot create valid constructor for net.hockeyapp.android.listeners.DownloadFileListener, because it is abstract and cannot substitute with subclass
[main] WARN soot.jimple.infoflow.android.entryPointCreators.components.FragmentEntryPointCreator - Cannot create valid constructor for net.hockeyapp.android.listeners.DownloadFileListener, because it is abstract and cannot substitute with subclass
[main] WARN soot.jimple.infoflow.android.entryPointCreators.components.FragmentEntryPointCreator - Cannot create valid constructor for net.hockeyapp.android.listeners.DownloadFileListener, because it is abstract and cannot substitute with subclass
[main] WARN soot.jimple.infoflow.android.entryPointCreators.components.FragmentEntryPointCreator - Cannot create valid constructor for net.hockeyapp.android.listeners.DownloadFileListener, because it is abstract and cannot substitute with subclass
[main] WARN soot.jimple.infoflow.android.entryPointCreators.components.FragmentEntryPointCreator - Cannot create valid constructor for net.hockeyapp.android.listeners.DownloadFileListener, because it is abstract and cannot substitute with subclass
[main] WARN soot.jimple.infoflow.android.entryPointCreators.components.ActivityEntryPointCreator - Cannot create valid constructor for com.actionbarsherlock.view.MenuItem, because it is an interface and cannot substitute with subclass
[main] WARN soot.jimple.infoflow.android.entryPointCreators.components.ActivityEntryPointCreator - Cannot create valid constructor for com.actionbarsherlock.view.Menu, because it is an interface and cannot substitute with subclass
[main] WARN soot.jimple.infoflow.android.entryPointCreators.components.ActivityEntryPointCreator - Cannot create valid constructor for net.hockeyapp.android.listeners.DownloadFileListener, because it is abstract and cannot substitute with subclass
[main] WARN soot.jimple.infoflow.android.entryPointCreators.components.ActivityEntryPointCreator - Cannot create valid constructor for net.hockeyapp.android.CrashManagerListener, because it is abstract and cannot substitute with subclass
[main] WARN soot.jimple.infoflow.android.entryPointCreators.components.ActivityEntryPointCreator - Cannot create valid constructor for com.actionbarsherlock.view.MenuItem, because it is an interface and cannot substitute with subclass
[main] WARN soot.jimple.infoflow.android.entryPointCreators.components.ActivityEntryPointCreator - Cannot create valid constructor for com.actionbarsherlock.view.Menu, because it is an interface and cannot substitute with subclass
[main] WARN soot.jimple.infoflow.android.entryPointCreators.components.ActivityEntryPointCreator - Cannot create valid constructor for net.hockeyapp.android.listeners.DownloadFileListener, because it is abstract and cannot substitute with subclass
[main] WARN soot.jimple.infoflow.android.entryPointCreators.components.ActivityEntryPointCreator - Cannot create valid constructor for net.hockeyapp.android.CrashManagerListener, because it is abstract and cannot substitute with subclass
[main] WARN soot.jimple.infoflow.android.entryPointCreators.components.ActivityEntryPointCreator - Cannot create valid constructor for com.actionbarsherlock.view.Menu, because it is an interface and cannot substitute with subclass
[main] WARN soot.jimple.infoflow.android.entryPointCreators.components.ActivityEntryPointCreator - Cannot create valid constructor for com.actionbarsherlock.view.MenuItem, because it is an interface and cannot substitute with subclass
[main] WARN soot.jimple.infoflow.android.entryPointCreators.components.ActivityEntryPointCreator - Cannot create valid constructor for com.yopeso.lieferando.activity.BaseSearchActivity, because it is abstract and cannot substitute with subclass
[main] WARN soot.jimple.infoflow.android.entryPointCreators.components.ActivityEntryPointCreator - Cannot create valid constructor for net.hockeyapp.android.listeners.DownloadFileListener, because it is abstract and cannot substitute with subclass
[main] WARN soot.jimple.infoflow.android.entryPointCreators.components.ActivityEntryPointCreator - Cannot create valid constructor for net.hockeyapp.android.CrashManagerListener, because it is abstract and cannot substitute with subclass
[main] WARN soot.jimple.infoflow.android.entryPointCreators.components.ActivityEntryPointCreator - Cannot create valid constructor for net.hockeyapp.android.listeners.DownloadFileListener, because it is abstract and cannot substitute with subclass
[main] WARN soot.jimple.infoflow.android.entryPointCreators.components.ActivityEntryPointCreator - Cannot create valid constructor for com.actionbarsherlock.view.Menu, because it is an interface and cannot substitute with subclass
[main] WARN soot.jimple.infoflow.android.entryPointCreators.components.ActivityEntryPointCreator - Cannot create valid constructor for com.actionbarsherlock.view.MenuItem, because it is an interface and cannot substitute with subclass
[main] WARN soot.jimple.infoflow.android.entryPointCreators.components.ActivityEntryPointCreator - Cannot create valid constructor for com.yopeso.lieferando.activity.BaseSearchActivity, because it is abstract and cannot substitute with subclass
[main] WARN soot.jimple.infoflow.android.entryPointCreators.components.ActivityEntryPointCreator - Cannot create valid constructor for net.hockeyapp.android.listeners.DownloadFileListener, because it is abstract and cannot substitute with subclass
[main] WARN soot.jimple.infoflow.android.entryPointCreators.components.ActivityEntryPointCreator - Cannot create valid constructor for net.hockeyapp.android.CrashManagerListener, because it is abstract and cannot substitute with subclass
[main] WARN soot.jimple.infoflow.android.entryPointCreators.components.ActivityEntryPointCreator - Cannot create valid constructor for com.actionbarsherlock.view.Menu, because it is an interface and cannot substitute with subclass
[main] WARN soot.jimple.infoflow.android.entryPointCreators.components.ActivityEntryPointCreator - Cannot create valid constructor for com.actionbarsherlock.view.MenuItem, because it is an interface and cannot substitute with subclass
[main] WARN soot.jimple.infoflow.android.entryPointCreators.components.ActivityEntryPointCreator - Cannot create valid constructor for com.yopeso.lieferando.activity.BaseAccountActivity, because it is abstract and cannot substitute with subclass
[main] WARN soot.jimple.infoflow.android.entryPointCreators.components.ActivityEntryPointCreator - Cannot create valid constructor for com.yopeso.lieferando.activity.BaseSearchActivity, because it is abstract and cannot substitute with subclass
[main] WARN soot.jimple.infoflow.android.entryPointCreators.components.ActivityEntryPointCreator - Cannot create valid constructor for net.hockeyapp.android.listeners.DownloadFileListener, because it is abstract and cannot substitute with subclass
[main] WARN soot.jimple.infoflow.android.entryPointCreators.components.ActivityEntryPointCreator - Cannot create valid constructor for net.hockeyapp.android.CrashManagerListener, because it is abstract and cannot substitute with subclass
[main] WARN soot.jimple.infoflow.android.entryPointCreators.components.ActivityEntryPointCreator - Cannot create valid constructor for com.actionbarsherlock.view.Menu, because it is an interface and cannot substitute with subclass
[main] WARN soot.jimple.infoflow.android.entryPointCreators.components.ActivityEntryPointCreator - Cannot create valid constructor for com.actionbarsherlock.view.MenuItem, because it is an interface and cannot substitute with subclass
[main] WARN soot.jimple.infoflow.android.entryPointCreators.components.ActivityEntryPointCreator - Cannot create valid constructor for net.hockeyapp.android.listeners.DownloadFileListener, because it is abstract and cannot substitute with subclass
[main] WARN soot.jimple.infoflow.android.entryPointCreators.components.ActivityEntryPointCreator - Cannot create valid constructor for net.hockeyapp.android.CrashManagerListener, because it is abstract and cannot substitute with subclass
[main] WARN soot.jimple.infoflow.android.entryPointCreators.components.ActivityEntryPointCreator - Cannot create valid constructor for com.actionbarsherlock.view.Menu, because it is an interface and cannot substitute with subclass
[main] WARN soot.jimple.infoflow.android.entryPointCreators.components.ActivityEntryPointCreator - Cannot create valid constructor for com.actionbarsherlock.view.MenuItem, because it is an interface and cannot substitute with subclass
[main] WARN soot.jimple.infoflow.android.entryPointCreators.components.ActivityEntryPointCreator - Cannot create valid constructor for net.hockeyapp.android.listeners.DownloadFileListener, because it is abstract and cannot substitute with subclass
[main] WARN soot.jimple.infoflow.android.entryPointCreators.components.ActivityEntryPointCreator - Cannot create valid constructor for net.hockeyapp.android.CrashManagerListener, because it is abstract and cannot substitute with subclass
[main] WARN soot.jimple.infoflow.android.entryPointCreators.AndroidEntryPointCreator - Could not create call to application callback <com.yopeso.lieferando.LieferandoApplication: void onCreate()>. Local was null.
[main] INFO soot.jimple.infoflow.android.SetupApplication - Constructing the callgraph...
[main] ERROR soot.jimple.spark.solver.PropWorklist - Note that we log, but continue in case of SPARK problems
[main] WARN soot.jimple.infoflow.android.resources.LayoutFileParser - Fragment without class name or id detected
[main] WARN soot.jimple.infoflow.android.resources.LayoutFileParser - Fragment without class name or id detected
[main] INFO soot.jimple.infoflow.android.callbacks.DefaultCallbackAnalyzer - Running incremental callback analysis for 24 components...
[main] INFO soot.jimple.infoflow.android.callbacks.DefaultCallbackAnalyzer - Incremental callback analysis done.
[main] INFO soot.jimple.infoflow.android.entryPointCreators.AndroidEntryPointCreator - Creating Android entry point for 21 components...
[main] WARN soot.jimple.infoflow.android.entryPointCreators.components.FragmentEntryPointCreator - Cannot generate constructor for phantom class android.support.v4.app.Fragment
[main] WARN soot.jimple.infoflow.android.entryPointCreators.components.FragmentEntryPointCreator - Cannot create valid constructor for com.yopeso.lieferando.callback.LocationObtainedListener, because it is abstract and cannot substitute with subclass
[main] WARN soot.jimple.infoflow.android.entryPointCreators.components.FragmentEntryPointCreator - Cannot create valid constructor for com.yopeso.lieferando.callback.LocationObtainedListener, because it is abstract and cannot substitute with subclass
[main] WARN soot.jimple.infoflow.android.entryPointCreators.components.FragmentEntryPointCreator - Cannot create valid constructor for net.hockeyapp.android.listeners.DownloadFileListener, because it is abstract and cannot substitute with subclass
[main] WARN soot.jimple.infoflow.android.entryPointCreators.components.FragmentEntryPointCreator - Cannot create valid constructor for com.yopeso.lieferando.callback.LocationObtainedListener, because it is abstract and cannot substitute with subclass
[main] WARN soot.jimple.infoflow.android.entryPointCreators.components.FragmentEntryPointCreator - Cannot create valid constructor for net.hockeyapp.android.listeners.DownloadFileListener, because it is abstract and cannot substitute with subclass
[main] WARN soot.jimple.infoflow.android.entryPointCreators.components.FragmentEntryPointCreator - Cannot create valid constructor for net.hockeyapp.android.listeners.DownloadFileListener, because it is abstract and cannot substitute with subclass
[main] WARN soot.jimple.infoflow.android.entryPointCreators.components.FragmentEntryPointCreator - Cannot create valid constructor for net.hockeyapp.android.listeners.DownloadFileListener, because it is abstract and cannot substitute with subclass
[main] WARN soot.jimple.infoflow.android.entryPointCreators.components.FragmentEntryPointCreator - Cannot create valid constructor for net.hockeyapp.android.listeners.DownloadFileListener, because it is abstract and cannot substitute with subclass
[main] WARN soot.jimple.infoflow.android.entryPointCreators.components.FragmentEntryPointCreator - Cannot create valid constructor for net.hockeyapp.android.listeners.DownloadFileListener, because it is abstract and cannot substitute with subclass
[main] WARN soot.jimple.infoflow.android.entryPointCreators.components.FragmentEntryPointCreator - Cannot create valid constructor for net.hockeyapp.android.listeners.DownloadFileListener, because it is abstract and cannot substitute with subclass
[main] WARN soot.jimple.infoflow.android.entryPointCreators.components.FragmentEntryPointCreator - Cannot create valid constructor for net.hockeyapp.android.listeners.DownloadFileListener, because it is abstract and cannot substitute with subclass
[main] WARN soot.jimple.infoflow.android.entryPointCreators.components.FragmentEntryPointCreator - Cannot create valid constructor for net.hockeyapp.android.listeners.DownloadFileListener, because it is abstract and cannot substitute with subclass
[main] WARN soot.jimple.infoflow.android.entryPointCreators.components.FragmentEntryPointCreator - Cannot create valid constructor for net.hockeyapp.android.listeners.DownloadFileListener, because it is abstract and cannot substitute with subclass
[main] WARN soot.jimple.infoflow.android.entryPointCreators.components.FragmentEntryPointCreator - Cannot create valid constructor for net.hockeyapp.android.listeners.DownloadFileListener, because it is abstract and cannot substitute with subclass
[main] WARN soot.jimple.infoflow.android.entryPointCreators.components.FragmentEntryPointCreator - Cannot create valid constructor for net.hockeyapp.android.listeners.DownloadFileListener, because it is abstract and cannot substitute with subclass
[main] WARN soot.jimple.infoflow.android.entryPointCreators.components.ActivityEntryPointCreator - Cannot create valid constructor for com.actionbarsherlock.view.MenuItem, because it is an interface and cannot substitute with subclass
[main] WARN soot.jimple.infoflow.android.entryPointCreators.components.ActivityEntryPointCreator - Cannot create valid constructor for com.actionbarsherlock.view.Menu, because it is an interface and cannot substitute with subclass
[main] WARN soot.jimple.infoflow.android.entryPointCreators.components.ActivityEntryPointCreator - Cannot create valid constructor for net.hockeyapp.android.listeners.DownloadFileListener, because it is abstract and cannot substitute with subclass
[main] WARN soot.jimple.infoflow.android.entryPointCreators.components.ActivityEntryPointCreator - Cannot create valid constructor for net.hockeyapp.android.CrashManagerListener, because it is abstract and cannot substitute with subclass
[main] WARN soot.jimple.infoflow.android.entryPointCreators.components.ActivityEntryPointCreator - Cannot create valid constructor for com.actionbarsherlock.view.MenuItem, because it is an interface and cannot substitute with subclass
[main] WARN soot.jimple.infoflow.android.entryPointCreators.components.ActivityEntryPointCreator - Cannot create valid constructor for com.actionbarsherlock.view.Menu, because it is an interface and cannot substitute with subclass
[main] WARN soot.jimple.infoflow.android.entryPointCreators.components.ActivityEntryPointCreator - Cannot create valid constructor for net.hockeyapp.android.listeners.DownloadFileListener, because it is abstract and cannot substitute with subclass
[main] WARN soot.jimple.infoflow.android.entryPointCreators.components.ActivityEntryPointCreator - Cannot create valid constructor for net.hockeyapp.android.CrashManagerListener, because it is abstract and cannot substitute with subclass
[main] WARN soot.jimple.infoflow.android.entryPointCreators.components.ActivityEntryPointCreator - Cannot create valid constructor for com.actionbarsherlock.view.Menu, because it is an interface and cannot substitute with subclass
[main] WARN soot.jimple.infoflow.android.entryPointCreators.components.ActivityEntryPointCreator - Cannot create valid constructor for com.actionbarsherlock.view.MenuItem, because it is an interface and cannot substitute with subclass
[main] WARN soot.jimple.infoflow.android.entryPointCreators.components.ActivityEntryPointCreator - Cannot create valid constructor for com.yopeso.lieferando.activity.BaseSearchActivity, because it is abstract and cannot substitute with subclass
[main] WARN soot.jimple.infoflow.android.entryPointCreators.components.ActivityEntryPointCreator - Cannot create valid constructor for net.hockeyapp.android.listeners.DownloadFileListener, because it is abstract and cannot substitute with subclass
[main] WARN soot.jimple.infoflow.android.entryPointCreators.components.ActivityEntryPointCreator - Cannot create valid constructor for net.hockeyapp.android.CrashManagerListener, because it is abstract and cannot substitute with subclass
[main] WARN soot.jimple.infoflow.android.entryPointCreators.components.ActivityEntryPointCreator - Cannot create valid constructor for net.hockeyapp.android.listeners.DownloadFileListener, because it is abstract and cannot substitute with subclass
[main] WARN soot.jimple.infoflow.android.entryPointCreators.components.ActivityEntryPointCreator - Cannot create valid constructor for com.actionbarsherlock.view.Menu, because it is an interface and cannot substitute with subclass
[main] WARN soot.jimple.infoflow.android.entryPointCreators.components.ActivityEntryPointCreator - Cannot create valid constructor for com.actionbarsherlock.view.MenuItem, because it is an interface and cannot substitute with subclass
[main] WARN soot.jimple.infoflow.android.entryPointCreators.components.ActivityEntryPointCreator - Cannot create valid constructor for com.yopeso.lieferando.activity.BaseSearchActivity, because it is abstract and cannot substitute with subclass
[main] WARN soot.jimple.infoflow.android.entryPointCreators.components.ActivityEntryPointCreator - Cannot create valid constructor for net.hockeyapp.android.listeners.DownloadFileListener, because it is abstract and cannot substitute with subclass
[main] WARN soot.jimple.infoflow.android.entryPointCreators.components.ActivityEntryPointCreator - Cannot create valid constructor for net.hockeyapp.android.CrashManagerListener, because it is abstract and cannot substitute with subclass
[main] WARN soot.jimple.infoflow.android.entryPointCreators.components.ActivityEntryPointCreator - Cannot create valid constructor for com.actionbarsherlock.view.Menu, because it is an interface and cannot substitute with subclass
[main] WARN soot.jimple.infoflow.android.entryPointCreators.components.ActivityEntryPointCreator - Cannot create valid constructor for com.actionbarsherlock.view.MenuItem, because it is an interface and cannot substitute with subclass
[main] WARN soot.jimple.infoflow.android.entryPointCreators.components.ActivityEntryPointCreator - Cannot create valid constructor for com.yopeso.lieferando.activity.BaseAccountActivity, because it is abstract and cannot substitute with subclass
[main] WARN soot.jimple.infoflow.android.entryPointCreators.components.ActivityEntryPointCreator - Cannot create valid constructor for com.yopeso.lieferando.activity.BaseSearchActivity, because it is abstract and cannot substitute with subclass
[main] WARN soot.jimple.infoflow.android.entryPointCreators.components.ActivityEntryPointCreator - Cannot create valid constructor for net.hockeyapp.android.listeners.DownloadFileListener, because it is abstract and cannot substitute with subclass
[main] WARN soot.jimple.infoflow.android.entryPointCreators.components.ActivityEntryPointCreator - Cannot create valid constructor for net.hockeyapp.android.CrashManagerListener, because it is abstract and cannot substitute with subclass
[main] WARN soot.jimple.infoflow.android.entryPointCreators.components.ActivityEntryPointCreator - Cannot create valid constructor for com.actionbarsherlock.view.Menu, because it is an interface and cannot substitute with subclass
[main] WARN soot.jimple.infoflow.android.entryPointCreators.components.ActivityEntryPointCreator - Cannot create valid constructor for com.actionbarsherlock.view.MenuItem, because it is an interface and cannot substitute with subclass
[main] WARN soot.jimple.infoflow.android.entryPointCreators.components.ActivityEntryPointCreator - Cannot create valid constructor for net.hockeyapp.android.listeners.DownloadFileListener, because it is abstract and cannot substitute with subclass
[main] WARN soot.jimple.infoflow.android.entryPointCreators.components.ActivityEntryPointCreator - Cannot create valid constructor for net.hockeyapp.android.CrashManagerListener, because it is abstract and cannot substitute with subclass
[main] WARN soot.jimple.infoflow.android.entryPointCreators.components.ActivityEntryPointCreator - Cannot create valid constructor for com.actionbarsherlock.view.Menu, because it is an interface and cannot substitute with subclass
[main] WARN soot.jimple.infoflow.android.entryPointCreators.components.ActivityEntryPointCreator - Cannot create valid constructor for com.actionbarsherlock.view.MenuItem, because it is an interface and cannot substitute with subclass
[main] WARN soot.jimple.infoflow.android.entryPointCreators.components.ActivityEntryPointCreator - Cannot create valid constructor for net.hockeyapp.android.listeners.DownloadFileListener, because it is abstract and cannot substitute with subclass
[main] WARN soot.jimple.infoflow.android.entryPointCreators.components.ActivityEntryPointCreator - Cannot create valid constructor for net.hockeyapp.android.CrashManagerListener, because it is abstract and cannot substitute with subclass
[main] WARN soot.jimple.infoflow.android.entryPointCreators.AndroidEntryPointCreator - Could not create call to application callback <com.yopeso.lieferando.LieferandoApplication: void onCreate()>. Local was null.
[main] INFO soot.jimple.infoflow.android.SetupApplication - Constructing the callgraph...
[main] ERROR soot.jimple.spark.solver.PropWorklist - Note that we log, but continue in case of SPARK problems
[main] WARN soot.jimple.infoflow.android.resources.LayoutFileParser - Fragment without class name or id detected
[main] WARN soot.jimple.infoflow.android.resources.LayoutFileParser - Fragment without class name or id detected
[main] INFO soot.jimple.infoflow.android.callbacks.DefaultCallbackAnalyzer - Running incremental callback analysis for 6 components...
[main] INFO soot.jimple.infoflow.android.callbacks.DefaultCallbackAnalyzer - Incremental callback analysis done.
[main] INFO soot.jimple.infoflow.android.entryPointCreators.AndroidEntryPointCreator - Creating Android entry point for 21 components...
[main] WARN soot.jimple.infoflow.android.entryPointCreators.components.FragmentEntryPointCreator - Cannot generate constructor for phantom class android.support.v4.app.Fragment
[main] WARN soot.jimple.infoflow.android.entryPointCreators.components.FragmentEntryPointCreator - Cannot create valid constructor for com.yopeso.lieferando.callback.LocationObtainedListener, because it is abstract and cannot substitute with subclass
[main] WARN soot.jimple.infoflow.android.entryPointCreators.components.FragmentEntryPointCreator - Cannot create valid constructor for com.yopeso.lieferando.callback.LocationObtainedListener, because it is abstract and cannot substitute with subclass
[main] WARN soot.jimple.infoflow.android.entryPointCreators.components.FragmentEntryPointCreator - Cannot create valid constructor for net.hockeyapp.android.listeners.DownloadFileListener, because it is abstract and cannot substitute with subclass
[main] WARN soot.jimple.infoflow.android.entryPointCreators.components.FragmentEntryPointCreator - Cannot create valid constructor for com.yopeso.lieferando.callback.LocationObtainedListener, because it is abstract and cannot substitute with subclass
[main] WARN soot.jimple.infoflow.android.entryPointCreators.components.FragmentEntryPointCreator - Cannot create valid constructor for net.hockeyapp.android.listeners.DownloadFileListener, because it is abstract and cannot substitute with subclass
[main] WARN soot.jimple.infoflow.android.entryPointCreators.components.FragmentEntryPointCreator - Cannot create valid constructor for net.hockeyapp.android.listeners.DownloadFileListener, because it is abstract and cannot substitute with subclass
[main] WARN soot.jimple.infoflow.android.entryPointCreators.components.FragmentEntryPointCreator - Cannot create valid constructor for net.hockeyapp.android.listeners.DownloadFileListener, because it is abstract and cannot substitute with subclass
[main] WARN soot.jimple.infoflow.android.entryPointCreators.components.FragmentEntryPointCreator - Cannot create valid constructor for net.hockeyapp.android.listeners.DownloadFileListener, because it is abstract and cannot substitute with subclass
[main] WARN soot.jimple.infoflow.android.entryPointCreators.components.FragmentEntryPointCreator - Cannot create valid constructor for net.hockeyapp.android.listeners.DownloadFileListener, because it is abstract and cannot substitute with subclass
[main] WARN soot.jimple.infoflow.android.entryPointCreators.components.FragmentEntryPointCreator - Cannot create valid constructor for net.hockeyapp.android.listeners.DownloadFileListener, because it is abstract and cannot substitute with subclass
[main] WARN soot.jimple.infoflow.android.entryPointCreators.components.FragmentEntryPointCreator - Cannot create valid constructor for net.hockeyapp.android.listeners.DownloadFileListener, because it is abstract and cannot substitute with subclass
[main] WARN soot.jimple.infoflow.android.entryPointCreators.components.FragmentEntryPointCreator - Cannot create valid constructor for net.hockeyapp.android.listeners.DownloadFileListener, because it is abstract and cannot substitute with subclass
[main] WARN soot.jimple.infoflow.android.entryPointCreators.components.FragmentEntryPointCreator - Cannot create valid constructor for net.hockeyapp.android.listeners.DownloadFileListener, because it is abstract and cannot substitute with subclass
[main] WARN soot.jimple.infoflow.android.entryPointCreators.components.FragmentEntryPointCreator - Cannot create valid constructor for net.hockeyapp.android.listeners.DownloadFileListener, because it is abstract and cannot substitute with subclass
[main] WARN soot.jimple.infoflow.android.entryPointCreators.components.FragmentEntryPointCreator - Cannot create valid constructor for net.hockeyapp.android.listeners.DownloadFileListener, because it is abstract and cannot substitute with subclass
[main] WARN soot.jimple.infoflow.android.entryPointCreators.components.ActivityEntryPointCreator - Cannot create valid constructor for com.actionbarsherlock.view.MenuItem, because it is an interface and cannot substitute with subclass
[main] WARN soot.jimple.infoflow.android.entryPointCreators.components.ActivityEntryPointCreator - Cannot create valid constructor for com.actionbarsherlock.view.Menu, because it is an interface and cannot substitute with subclass
[main] WARN soot.jimple.infoflow.android.entryPointCreators.components.ActivityEntryPointCreator - Cannot create valid constructor for net.hockeyapp.android.listeners.DownloadFileListener, because it is abstract and cannot substitute with subclass
[main] WARN soot.jimple.infoflow.android.entryPointCreators.components.ActivityEntryPointCreator - Cannot create valid constructor for net.hockeyapp.android.CrashManagerListener, because it is abstract and cannot substitute with subclass
[main] WARN soot.jimple.infoflow.android.entryPointCreators.components.ActivityEntryPointCreator - Cannot create valid constructor for com.actionbarsherlock.view.MenuItem, because it is an interface and cannot substitute with subclass
[main] WARN soot.jimple.infoflow.android.entryPointCreators.components.ActivityEntryPointCreator - Cannot create valid constructor for com.actionbarsherlock.view.Menu, because it is an interface and cannot substitute with subclass
[main] WARN soot.jimple.infoflow.android.entryPointCreators.components.ActivityEntryPointCreator - Cannot create valid constructor for net.hockeyapp.android.listeners.DownloadFileListener, because it is abstract and cannot substitute with subclass
[main] WARN soot.jimple.infoflow.android.entryPointCreators.components.ActivityEntryPointCreator - Cannot create valid constructor for net.hockeyapp.android.CrashManagerListener, because it is abstract and cannot substitute with subclass
[main] WARN soot.jimple.infoflow.android.entryPointCreators.components.ActivityEntryPointCreator - Cannot create valid constructor for com.actionbarsherlock.view.Menu, because it is an interface and cannot substitute with subclass
[main] WARN soot.jimple.infoflow.android.entryPointCreators.components.ActivityEntryPointCreator - Cannot create valid constructor for com.actionbarsherlock.view.MenuItem, because it is an interface and cannot substitute with subclass
[main] WARN soot.jimple.infoflow.android.entryPointCreators.components.ActivityEntryPointCreator - Cannot create valid constructor for com.yopeso.lieferando.activity.BaseSearchActivity, because it is abstract and cannot substitute with subclass
[main] WARN soot.jimple.infoflow.android.entryPointCreators.components.ActivityEntryPointCreator - Cannot create valid constructor for net.hockeyapp.android.listeners.DownloadFileListener, because it is abstract and cannot substitute with subclass
[main] WARN soot.jimple.infoflow.android.entryPointCreators.components.ActivityEntryPointCreator - Cannot create valid constructor for net.hockeyapp.android.CrashManagerListener, because it is abstract and cannot substitute with subclass
[main] WARN soot.jimple.infoflow.android.entryPointCreators.components.ActivityEntryPointCreator - Cannot create valid constructor for net.hockeyapp.android.listeners.DownloadFileListener, because it is abstract and cannot substitute with subclass
[main] WARN soot.jimple.infoflow.android.entryPointCreators.components.ActivityEntryPointCreator - Cannot create valid constructor for com.actionbarsherlock.view.Menu, because it is an interface and cannot substitute with subclass
[main] WARN soot.jimple.infoflow.android.entryPointCreators.components.ActivityEntryPointCreator - Cannot create valid constructor for com.actionbarsherlock.view.MenuItem, because it is an interface and cannot substitute with subclass
[main] WARN soot.jimple.infoflow.android.entryPointCreators.components.ActivityEntryPointCreator - Cannot create valid constructor for com.yopeso.lieferando.activity.BaseSearchActivity, because it is abstract and cannot substitute with subclass
[main] WARN soot.jimple.infoflow.android.entryPointCreators.components.ActivityEntryPointCreator - Cannot create valid constructor for net.hockeyapp.android.listeners.DownloadFileListener, because it is abstract and cannot substitute with subclass
[main] WARN soot.jimple.infoflow.android.entryPointCreators.components.ActivityEntryPointCreator - Cannot create valid constructor for net.hockeyapp.android.CrashManagerListener, because it is abstract and cannot substitute with subclass
[main] WARN soot.jimple.infoflow.android.entryPointCreators.components.ActivityEntryPointCreator - Cannot create valid constructor for com.actionbarsherlock.view.Menu, because it is an interface and cannot substitute with subclass
[main] WARN soot.jimple.infoflow.android.entryPointCreators.components.ActivityEntryPointCreator - Cannot create valid constructor for com.actionbarsherlock.view.MenuItem, because it is an interface and cannot substitute with subclass
[main] WARN soot.jimple.infoflow.android.entryPointCreators.components.ActivityEntryPointCreator - Cannot create valid constructor for com.yopeso.lieferando.activity.BaseAccountActivity, because it is abstract and cannot substitute with subclass
[main] WARN soot.jimple.infoflow.android.entryPointCreators.components.ActivityEntryPointCreator - Cannot create valid constructor for com.yopeso.lieferando.activity.BaseSearchActivity, because it is abstract and cannot substitute with subclass
[main] WARN soot.jimple.infoflow.android.entryPointCreators.components.ActivityEntryPointCreator - Cannot create valid constructor for net.hockeyapp.android.listeners.DownloadFileListener, because it is abstract and cannot substitute with subclass
[main] WARN soot.jimple.infoflow.android.entryPointCreators.components.ActivityEntryPointCreator - Cannot create valid constructor for net.hockeyapp.android.CrashManagerListener, because it is abstract and cannot substitute with subclass
[main] WARN soot.jimple.infoflow.android.entryPointCreators.components.ActivityEntryPointCreator - Cannot create valid constructor for com.actionbarsherlock.view.Menu, because it is an interface and cannot substitute with subclass
[main] WARN soot.jimple.infoflow.android.entryPointCreators.components.ActivityEntryPointCreator - Cannot create valid constructor for com.actionbarsherlock.view.MenuItem, because it is an interface and cannot substitute with subclass
[main] WARN soot.jimple.infoflow.android.entryPointCreators.components.ActivityEntryPointCreator - Cannot create valid constructor for net.hockeyapp.android.listeners.DownloadFileListener, because it is abstract and cannot substitute with subclass
[main] WARN soot.jimple.infoflow.android.entryPointCreators.components.ActivityEntryPointCreator - Cannot create valid constructor for net.hockeyapp.android.CrashManagerListener, because it is abstract and cannot substitute with subclass
[main] WARN soot.jimple.infoflow.android.entryPointCreators.components.ActivityEntryPointCreator - Cannot create valid constructor for com.actionbarsherlock.view.Menu, because it is an interface and cannot substitute with subclass
[main] WARN soot.jimple.infoflow.android.entryPointCreators.components.ActivityEntryPointCreator - Cannot create valid constructor for com.actionbarsherlock.view.MenuItem, because it is an interface and cannot substitute with subclass
[main] WARN soot.jimple.infoflow.android.entryPointCreators.components.ActivityEntryPointCreator - Cannot create valid constructor for net.hockeyapp.android.listeners.DownloadFileListener, because it is abstract and cannot substitute with subclass
[main] WARN soot.jimple.infoflow.android.entryPointCreators.components.ActivityEntryPointCreator - Cannot create valid constructor for net.hockeyapp.android.CrashManagerListener, because it is abstract and cannot substitute with subclass
[main] WARN soot.jimple.infoflow.android.entryPointCreators.AndroidEntryPointCreator - Could not create call to application callback <com.yopeso.lieferando.LieferandoApplication: void onCreate()>. Local was null.
[main] INFO soot.jimple.infoflow.android.SetupApplication - Constructing the callgraph...
[main] ERROR soot.jimple.spark.solver.PropWorklist - Note that we log, but continue in case of SPARK problems
[main] WARN soot.jimple.infoflow.android.resources.LayoutFileParser - Fragment without class name or id detected
[main] WARN soot.jimple.infoflow.android.resources.LayoutFileParser - Fragment without class name or id detected
[main] INFO soot.jimple.infoflow.android.callbacks.DefaultCallbackAnalyzer - Running incremental callback analysis for 3 components...
[main] INFO soot.jimple.infoflow.android.callbacks.DefaultCallbackAnalyzer - Incremental callback analysis done.
[main] INFO soot.jimple.infoflow.android.entryPointCreators.AndroidEntryPointCreator - Creating Android entry point for 21 components...
[main] WARN soot.jimple.infoflow.android.entryPointCreators.components.FragmentEntryPointCreator - Cannot generate constructor for phantom class android.support.v4.app.Fragment
[main] WARN soot.jimple.infoflow.android.entryPointCreators.components.FragmentEntryPointCreator - Cannot create valid constructor for com.yopeso.lieferando.callback.LocationObtainedListener, because it is abstract and cannot substitute with subclass
[main] WARN soot.jimple.infoflow.android.entryPointCreators.components.FragmentEntryPointCreator - Cannot create valid constructor for com.yopeso.lieferando.callback.LocationObtainedListener, because it is abstract and cannot substitute with subclass
[main] WARN soot.jimple.infoflow.android.entryPointCreators.components.FragmentEntryPointCreator - Cannot create valid constructor for net.hockeyapp.android.listeners.DownloadFileListener, because it is abstract and cannot substitute with subclass
[main] WARN soot.jimple.infoflow.android.entryPointCreators.components.FragmentEntryPointCreator - Cannot create valid constructor for com.yopeso.lieferando.callback.LocationObtainedListener, because it is abstract and cannot substitute with subclass
[main] WARN soot.jimple.infoflow.android.entryPointCreators.components.FragmentEntryPointCreator - Cannot create valid constructor for net.hockeyapp.android.listeners.DownloadFileListener, because it is abstract and cannot substitute with subclass
[main] WARN soot.jimple.infoflow.android.entryPointCreators.components.FragmentEntryPointCreator - Cannot create valid constructor for net.hockeyapp.android.listeners.DownloadFileListener, because it is abstract and cannot substitute with subclass
[main] WARN soot.jimple.infoflow.android.entryPointCreators.components.FragmentEntryPointCreator - Cannot create valid constructor for net.hockeyapp.android.listeners.DownloadFileListener, because it is abstract and cannot substitute with subclass
[main] WARN soot.jimple.infoflow.android.entryPointCreators.components.FragmentEntryPointCreator - Cannot create valid constructor for net.hockeyapp.android.listeners.DownloadFileListener, because it is abstract and cannot substitute with subclass
[main] WARN soot.jimple.infoflow.android.entryPointCreators.components.FragmentEntryPointCreator - Cannot create valid constructor for net.hockeyapp.android.listeners.DownloadFileListener, because it is abstract and cannot substitute with subclass
[main] WARN soot.jimple.infoflow.android.entryPointCreators.components.FragmentEntryPointCreator - Cannot create valid constructor for net.hockeyapp.android.listeners.DownloadFileListener, because it is abstract and cannot substitute with subclass
[main] WARN soot.jimple.infoflow.android.entryPointCreators.components.FragmentEntryPointCreator - Cannot create valid constructor for net.hockeyapp.android.listeners.DownloadFileListener, because it is abstract and cannot substitute with subclass
[main] WARN soot.jimple.infoflow.android.entryPointCreators.components.FragmentEntryPointCreator - Cannot create valid constructor for net.hockeyapp.android.listeners.DownloadFileListener, because it is abstract and cannot substitute with subclass
[main] WARN soot.jimple.infoflow.android.entryPointCreators.components.FragmentEntryPointCreator - Cannot create valid constructor for net.hockeyapp.android.listeners.DownloadFileListener, because it is abstract and cannot substitute with subclass
[main] WARN soot.jimple.infoflow.android.entryPointCreators.components.FragmentEntryPointCreator - Cannot create valid constructor for net.hockeyapp.android.listeners.DownloadFileListener, because it is abstract and cannot substitute with subclass
[main] WARN soot.jimple.infoflow.android.entryPointCreators.components.FragmentEntryPointCreator - Cannot create valid constructor for net.hockeyapp.android.listeners.DownloadFileListener, because it is abstract and cannot substitute with subclass
[main] WARN soot.jimple.infoflow.android.entryPointCreators.components.ActivityEntryPointCreator - Cannot create valid constructor for com.actionbarsherlock.view.MenuItem, because it is an interface and cannot substitute with subclass
[main] WARN soot.jimple.infoflow.android.entryPointCreators.components.ActivityEntryPointCreator - Cannot create valid constructor for com.actionbarsherlock.view.Menu, because it is an interface and cannot substitute with subclass
[main] WARN soot.jimple.infoflow.android.entryPointCreators.components.ActivityEntryPointCreator - Cannot create valid constructor for net.hockeyapp.android.listeners.DownloadFileListener, because it is abstract and cannot substitute with subclass
[main] WARN soot.jimple.infoflow.android.entryPointCreators.components.ActivityEntryPointCreator - Cannot create valid constructor for net.hockeyapp.android.CrashManagerListener, because it is abstract and cannot substitute with subclass
[main] WARN soot.jimple.infoflow.android.entryPointCreators.components.ActivityEntryPointCreator - Cannot create valid constructor for com.actionbarsherlock.view.MenuItem, because it is an interface and cannot substitute with subclass
[main] WARN soot.jimple.infoflow.android.entryPointCreators.components.ActivityEntryPointCreator - Cannot create valid constructor for com.actionbarsherlock.view.Menu, because it is an interface and cannot substitute with subclass
[main] WARN soot.jimple.infoflow.android.entryPointCreators.components.ActivityEntryPointCreator - Cannot create valid constructor for net.hockeyapp.android.listeners.DownloadFileListener, because it is abstract and cannot substitute with subclass
[main] WARN soot.jimple.infoflow.android.entryPointCreators.components.ActivityEntryPointCreator - Cannot create valid constructor for net.hockeyapp.android.CrashManagerListener, because it is abstract and cannot substitute with subclass
[main] WARN soot.jimple.infoflow.android.entryPointCreators.components.ActivityEntryPointCreator - Cannot create valid constructor for com.actionbarsherlock.view.Menu, because it is an interface and cannot substitute with subclass
[main] WARN soot.jimple.infoflow.android.entryPointCreators.components.ActivityEntryPointCreator - Cannot create valid constructor for com.actionbarsherlock.view.MenuItem, because it is an interface and cannot substitute with subclass
[main] WARN soot.jimple.infoflow.android.entryPointCreators.components.ActivityEntryPointCreator - Cannot create valid constructor for com.yopeso.lieferando.activity.BaseSearchActivity, because it is abstract and cannot substitute with subclass
[main] WARN soot.jimple.infoflow.android.entryPointCreators.components.ActivityEntryPointCreator - Cannot create valid constructor for net.hockeyapp.android.listeners.DownloadFileListener, because it is abstract and cannot substitute with subclass
[main] WARN soot.jimple.infoflow.android.entryPointCreators.components.ActivityEntryPointCreator - Cannot create valid constructor for net.hockeyapp.android.CrashManagerListener, because it is abstract and cannot substitute with subclass
[main] WARN soot.jimple.infoflow.android.entryPointCreators.components.ActivityEntryPointCreator - Cannot create valid constructor for net.hockeyapp.android.listeners.DownloadFileListener, because it is abstract and cannot substitute with subclass
[main] WARN soot.jimple.infoflow.android.entryPointCreators.components.ActivityEntryPointCreator - Cannot create valid constructor for com.actionbarsherlock.view.Menu, because it is an interface and cannot substitute with subclass
[main] WARN soot.jimple.infoflow.android.entryPointCreators.components.ActivityEntryPointCreator - Cannot create valid constructor for com.actionbarsherlock.view.MenuItem, because it is an interface and cannot substitute with subclass
[main] WARN soot.jimple.infoflow.android.entryPointCreators.components.ActivityEntryPointCreator - Cannot create valid constructor for com.yopeso.lieferando.activity.BaseSearchActivity, because it is abstract and cannot substitute with subclass
[main] WARN soot.jimple.infoflow.android.entryPointCreators.components.ActivityEntryPointCreator - Cannot create valid constructor for net.hockeyapp.android.listeners.DownloadFileListener, because it is abstract and cannot substitute with subclass
[main] WARN soot.jimple.infoflow.android.entryPointCreators.components.ActivityEntryPointCreator - Cannot create valid constructor for net.hockeyapp.android.CrashManagerListener, because it is abstract and cannot substitute with subclass
[main] WARN soot.jimple.infoflow.android.entryPointCreators.components.ActivityEntryPointCreator - Cannot create valid constructor for com.actionbarsherlock.view.Menu, because it is an interface and cannot substitute with subclass
[main] WARN soot.jimple.infoflow.android.entryPointCreators.components.ActivityEntryPointCreator - Cannot create valid constructor for com.actionbarsherlock.view.MenuItem, because it is an interface and cannot substitute with subclass
[main] WARN soot.jimple.infoflow.android.entryPointCreators.components.ActivityEntryPointCreator - Cannot create valid constructor for com.yopeso.lieferando.activity.BaseAccountActivity, because it is abstract and cannot substitute with subclass
[main] WARN soot.jimple.infoflow.android.entryPointCreators.components.ActivityEntryPointCreator - Cannot create valid constructor for com.yopeso.lieferando.activity.BaseSearchActivity, because it is abstract and cannot substitute with subclass
[main] WARN soot.jimple.infoflow.android.entryPointCreators.components.ActivityEntryPointCreator - Cannot create valid constructor for net.hockeyapp.android.listeners.DownloadFileListener, because it is abstract and cannot substitute with subclass
[main] WARN soot.jimple.infoflow.android.entryPointCreators.components.ActivityEntryPointCreator - Cannot create valid constructor for net.hockeyapp.android.CrashManagerListener, because it is abstract and cannot substitute with subclass
[main] WARN soot.jimple.infoflow.android.entryPointCreators.components.ActivityEntryPointCreator - Cannot create valid constructor for com.actionbarsherlock.view.Menu, because it is an interface and cannot substitute with subclass
[main] WARN soot.jimple.infoflow.android.entryPointCreators.components.ActivityEntryPointCreator - Cannot create valid constructor for com.actionbarsherlock.view.MenuItem, because it is an interface and cannot substitute with subclass
[main] WARN soot.jimple.infoflow.android.entryPointCreators.components.ActivityEntryPointCreator - Cannot create valid constructor for net.hockeyapp.android.listeners.DownloadFileListener, because it is abstract and cannot substitute with subclass
[main] WARN soot.jimple.infoflow.android.entryPointCreators.components.ActivityEntryPointCreator - Cannot create valid constructor for net.hockeyapp.android.CrashManagerListener, because it is abstract and cannot substitute with subclass
[main] WARN soot.jimple.infoflow.android.entryPointCreators.components.ActivityEntryPointCreator - Cannot create valid constructor for com.actionbarsherlock.view.Menu, because it is an interface and cannot substitute with subclass
[main] WARN soot.jimple.infoflow.android.entryPointCreators.components.ActivityEntryPointCreator - Cannot create valid constructor for com.actionbarsherlock.view.MenuItem, because it is an interface and cannot substitute with subclass
[main] WARN soot.jimple.infoflow.android.entryPointCreators.components.ActivityEntryPointCreator - Cannot create valid constructor for net.hockeyapp.android.listeners.DownloadFileListener, because it is abstract and cannot substitute with subclass
[main] WARN soot.jimple.infoflow.android.entryPointCreators.components.ActivityEntryPointCreator - Cannot create valid constructor for net.hockeyapp.android.CrashManagerListener, because it is abstract and cannot substitute with subclass
[main] WARN soot.jimple.infoflow.android.entryPointCreators.AndroidEntryPointCreator - Could not create call to application callback <com.yopeso.lieferando.LieferandoApplication: void onCreate()>. Local was null.
[main] INFO soot.jimple.infoflow.android.SetupApplication - Constructing the callgraph...
[main] ERROR soot.jimple.spark.solver.PropWorklist - Note that we log, but continue in case of SPARK problems
[main] WARN soot.jimple.infoflow.android.resources.LayoutFileParser - Fragment without class name or id detected
[main] WARN soot.jimple.infoflow.android.resources.LayoutFileParser - Fragment without class name or id detected
[main] INFO soot.jimple.infoflow.android.callbacks.DefaultCallbackAnalyzer - Running incremental callback analysis for 0 components...
[main] INFO soot.jimple.infoflow.android.callbacks.DefaultCallbackAnalyzer - Incremental callback analysis done.
[main] INFO soot.jimple.infoflow.memory.MemoryWarningSystem - Shutting down the memory warning system...
[main] INFO soot.jimple.infoflow.android.SetupApplication - Callback analysis terminated normally
[main] INFO soot.jimple.infoflow.android.SetupApplication - Entry point calculation done.
[main] WARN soot.jimple.infoflow.android.data.parsers.PermissionMethodParser - Line does not match: <org.springframework.security.config.http.CsrfBeanDefinitionParser: org.springframework.beans.factory.config.BeanDefinition getCsrfLogoutHandler)> -> _SOURCE_
[main] WARN soot.jimple.infoflow.android.data.parsers.PermissionMethodParser - Line does not match: <org.springframework.security.config.http.FormLoginBeanDefinitionParser: java.lang.String getLoginPage)> -> _SOURCE_
[main] WARN soot.jimple.infoflow.android.data.parsers.PermissionMethodParser - Line does not match: <com.google.auth.oauth2.UserCredentials: java.lang.String getClientSecret)> -> _SOURCE_
[main] WARN soot.jimple.infoflow.android.data.parsers.PermissionMethodParser - Line does not match: <org.springframework.web.servlet.tags.UrlTag: java.lang.String createUrl)> -> _SOURCE_
[main] WARN soot.jimple.infoflow.android.data.parsers.PermissionMethodParser - Line does not match: <org.apache.xmlrpc.webserver.RequestData: java.lang.String getMethod)> -> _SOURCE_
[main] WARN soot.jimple.infoflow.android.data.parsers.PermissionMethodParser - Line does not match: <org.dmfs.oauth2.client.http.requests.ResourceOwnerPasswordTokenRequest: org.dmfs.httpclient.HttpRequestEntity requestEntity)> -> _SOURCE_
[main] WARN soot.jimple.infoflow.android.data.parsers.PermissionMethodParser - Line does not match: <org.springframework.security.concurrent.DelegatingSecurityContextExecutorService: java.util.concurrent.ExecutorService getDelegate)> -> _SOURCE_
[main] WARN soot.jimple.infoflow.android.data.parsers.PermissionMethodParser - Line does not match: <org.springframework.security.config.annotation.web.builders.HttpSecurity: org.springframework.security.config.'annotation'.web.configurers.HeadersConfigurer headers)> -> _SOURCE_
[main] WARN soot.jimple.infoflow.android.data.parsers.PermissionMethodParser - Line does not match: <org.springframework.web.servlet.tags.EscapeBodyTag: java.lang.String readBodyContent)> -> _SOURCE_
[main] WARN soot.jimple.infoflow.android.data.parsers.PermissionMethodParser - Line does not match: <org.springframework.security.config.http.FormLoginBeanDefinitionParser: java.lang.String getLoginProcessingUrl)> -> _SOURCE_
[main] WARN soot.jimple.infoflow.android.data.parsers.PermissionMethodParser - Line does not match: <org.springframework.security.config.annotation.web.configurers.LogoutConfigurer: java.util.List getLogoutHandlers)> -> _SOURCE_
[main] WARN soot.jimple.infoflow.android.data.parsers.PermissionMethodParser - Line does not match: <org.apache.xmlrpc.webserver.RequestData: java.lang.String getHttpVersion)> -> _SOURCE_
[main] WARN soot.jimple.infoflow.android.data.parsers.PermissionMethodParser - Line does not match: <org.apache.xmlrpc.webserver.HttpServletRequestImpl: void parseParameters)> -> _SOURCE_
[main] WARN soot.jimple.infoflow.android.data.parsers.PermissionMethodParser - Line does not match:     
[main] INFO soot.jimple.infoflow.android.source.AccessPathBasedSourceSinkManager - Created a SourceSinkManager with 71 sources, 193 sinks, and 382 callback methods.
[main] INFO soot.jimple.infoflow.android.SetupApplication - Collecting callbacks and building a callgraph took 72 seconds
[main] INFO soot.jimple.infoflow.android.SetupApplication - Running data flow analysis on /home/micsispa/Downloads/APKs/com.yourdelivery.pyszne.apk with 71 sources and 193 sinks...
[main] INFO soot.jimple.infoflow.InfoflowConfiguration - Implicit flow tracking is NOT enabled
[main] INFO soot.jimple.infoflow.InfoflowConfiguration - Exceptional flow tracking is enabled
[main] INFO soot.jimple.infoflow.InfoflowConfiguration - Running with a maximum access path length of 5
[main] INFO soot.jimple.infoflow.InfoflowConfiguration - Using path-agnostic result collection
[main] INFO soot.jimple.infoflow.InfoflowConfiguration - Recursive access path shortening is enabled
[main] INFO soot.jimple.infoflow.InfoflowConfiguration - Taint analysis enabled: true
[main] INFO soot.jimple.infoflow.InfoflowConfiguration - Using alias algorithm FlowSensitive
[main] INFO soot.jimple.infoflow.memory.MemoryWarningSystem - Registered a memory warning system for 1,611.9 MiB
[main] INFO soot.jimple.infoflow.android.SetupApplication$InPlaceInfoflow - Callgraph construction took 0 seconds
[main] INFO soot.jimple.infoflow.codeOptimization.InterproceduralConstantValuePropagator - Removing side-effect free methods is disabled
[main] INFO soot.jimple.infoflow.android.SetupApplication$InPlaceInfoflow - Dead code elimination took 0.795569795 seconds
[main] INFO soot.jimple.infoflow.android.SetupApplication$InPlaceInfoflow - Callgraph has 24345 edges
[main] INFO soot.jimple.infoflow.android.SetupApplication$InPlaceInfoflow - Starting Taint Analysis
[main] INFO soot.jimple.infoflow.android.SetupApplication$InPlaceInfoflow - Using context- and flow-sensitive solver
[main] INFO soot.jimple.infoflow.android.SetupApplication$InPlaceInfoflow - Using context- and flow-sensitive solver
[main] INFO soot.jimple.infoflow.memory.FlowDroidTimeoutWatcher - FlowDroid timeout watcher started
[main] WARN soot.jimple.infoflow.android.SetupApplication$InPlaceInfoflow - Running with limited join point abstractions can break context-sensitive path builders
[main] INFO soot.jimple.infoflow.android.SetupApplication$InPlaceInfoflow - Looking for sources and sinks...
[main] INFO soot.jimple.infoflow.android.SetupApplication$InPlaceInfoflow - Source lookup done, found 37 sources and 576 sinks.
[FlowDroid] WARN soot.jimple.infoflow.data.AccessPathFactory - Primitive types cannot have fields: baseType=boolean fields=[<java.lang.Boolean: boolean value>]
[FlowDroid] WARN soot.jimple.infoflow.data.AccessPathFactory - Primitive types cannot have fields: baseType=boolean fields=[<java.lang.Boolean: boolean value>]
[FlowDroid] WARN soot.jimple.infoflow.data.AccessPathFactory - Primitive types cannot have fields: baseType=boolean fields=[<java.lang.Boolean: boolean value>]
[Low memory monitor] INFO soot.jimple.infoflow.memory.MemoryWarningSystem - Triggering memory warning at 1938 MB (1877 MB max, 1710 in watched memory pool)...
[main] INFO soot.jimple.infoflow.android.SetupApplication$InPlaceInfoflow - Taint wrapper hits: 334941
[main] INFO soot.jimple.infoflow.android.SetupApplication$InPlaceInfoflow - Taint wrapper misses: 4125014
[main] INFO soot.jimple.infoflow.android.SetupApplication$InPlaceInfoflow - IFDS problem with 6415182 forward and 4740969 backward edges solved in 64 seconds, processing 16 results...
[main] INFO soot.jimple.infoflow.android.SetupApplication$InPlaceInfoflow - Current memory consumption: 1952 MB
[Low memory monitor] WARN soot.jimple.infoflow.memory.FlowDroidMemoryWatcher - Running out of memory, solvers terminated
[FlowDroid Timeout Watcher] INFO soot.jimple.infoflow.memory.FlowDroidTimeoutWatcher - FlowDroid timeout watcher terminated
[main] INFO soot.jimple.infoflow.android.SetupApplication$InPlaceInfoflow - Memory consumption after cleanup: 755 MB
[main] INFO soot.jimple.infoflow.data.pathBuilders.DefaultPathBuilderFactory$ShutdownBatchPathBuilder - Path Reconstruction has used 1.7149E-5 seconds
[main] INFO soot.jimple.infoflow.data.pathBuilders.DefaultPathBuilderFactory$ShutdownBatchPathBuilder - Running path reconstruction batch 1 with 5 elements
[main] INFO soot.jimple.infoflow.data.pathBuilders.DefaultPathBuilderFactory$RepeatableContextSensitivePathBuilder - Obtainted 5 connections between sources and sinks
[main] INFO soot.jimple.infoflow.data.pathBuilders.DefaultPathBuilderFactory$RepeatableContextSensitivePathBuilder - Path Reconstruction has used 8.626E-6 seconds
[main] INFO soot.jimple.infoflow.data.pathBuilders.DefaultPathBuilderFactory$RepeatableContextSensitivePathBuilder - Building path 1...
[main] INFO soot.jimple.infoflow.data.pathBuilders.DefaultPathBuilderFactory$RepeatableContextSensitivePathBuilder - Path Reconstruction has used 0.002686152 seconds
[main] INFO soot.jimple.infoflow.data.pathBuilders.DefaultPathBuilderFactory$RepeatableContextSensitivePathBuilder - Building path 2...
[main] INFO soot.jimple.infoflow.data.pathBuilders.DefaultPathBuilderFactory$RepeatableContextSensitivePathBuilder - Path Reconstruction has used 0.018001254 seconds
[main] INFO soot.jimple.infoflow.data.pathBuilders.DefaultPathBuilderFactory$RepeatableContextSensitivePathBuilder - Building path 3...
[main] INFO soot.jimple.infoflow.data.pathBuilders.DefaultPathBuilderFactory$RepeatableContextSensitivePathBuilder - Path Reconstruction has used 0.01827325 seconds
[main] INFO soot.jimple.infoflow.data.pathBuilders.DefaultPathBuilderFactory$RepeatableContextSensitivePathBuilder - Building path 4...
[main] INFO soot.jimple.infoflow.data.pathBuilders.DefaultPathBuilderFactory$RepeatableContextSensitivePathBuilder - Path Reconstruction has used 0.018351486 seconds
[main] INFO soot.jimple.infoflow.data.pathBuilders.DefaultPathBuilderFactory$RepeatableContextSensitivePathBuilder - Building path 5...
[main] INFO soot.jimple.infoflow.data.pathBuilders.DefaultPathBuilderFactory$ShutdownBatchPathBuilder - Single batch has used 9.253645012 seconds
[main] INFO soot.jimple.infoflow.data.pathBuilders.DefaultPathBuilderFactory$ShutdownBatchPathBuilder - Path Reconstruction has used 9.25451135 seconds
[main] INFO soot.jimple.infoflow.data.pathBuilders.DefaultPathBuilderFactory$ShutdownBatchPathBuilder - Running path reconstruction batch 2 with 5 elements
[main] INFO soot.jimple.infoflow.data.pathBuilders.DefaultPathBuilderFactory$RepeatableContextSensitivePathBuilder - Obtainted 5 connections between sources and sinks
[main] INFO soot.jimple.infoflow.data.pathBuilders.DefaultPathBuilderFactory$RepeatableContextSensitivePathBuilder - Path Reconstruction has used 2.063E-6 seconds
[main] INFO soot.jimple.infoflow.data.pathBuilders.DefaultPathBuilderFactory$RepeatableContextSensitivePathBuilder - Building path 1...
[main] INFO soot.jimple.infoflow.data.pathBuilders.DefaultPathBuilderFactory$RepeatableContextSensitivePathBuilder - Path Reconstruction has used 8.25E-5 seconds
[main] INFO soot.jimple.infoflow.data.pathBuilders.DefaultPathBuilderFactory$RepeatableContextSensitivePathBuilder - Building path 2...
[main] INFO soot.jimple.infoflow.data.pathBuilders.DefaultPathBuilderFactory$RepeatableContextSensitivePathBuilder - Path Reconstruction has used 1.31198E-4 seconds
[main] INFO soot.jimple.infoflow.data.pathBuilders.DefaultPathBuilderFactory$RepeatableContextSensitivePathBuilder - Building path 3...
[main] INFO soot.jimple.infoflow.data.pathBuilders.DefaultPathBuilderFactory$RepeatableContextSensitivePathBuilder - Path Reconstruction has used 1.68594E-4 seconds
[main] INFO soot.jimple.infoflow.data.pathBuilders.DefaultPathBuilderFactory$RepeatableContextSensitivePathBuilder - Building path 4...
[main] INFO soot.jimple.infoflow.data.pathBuilders.DefaultPathBuilderFactory$RepeatableContextSensitivePathBuilder - Path Reconstruction has used 2.11322E-4 seconds
[main] INFO soot.jimple.infoflow.data.pathBuilders.DefaultPathBuilderFactory$RepeatableContextSensitivePathBuilder - Building path 5...
